{"/home/travis/build/npmtest/node-npmtest-bpmn/test.js":{"path":"/home/travis/build/npmtest/node-npmtest-bpmn/test.js","s":{"1":2,"2":2,"3":2,"4":2,"5":2,"6":2,"7":2,"8":1,"9":2,"10":2,"11":1,"12":1,"13":1,"14":1,"15":2,"16":2,"17":2,"18":2,"19":1,"20":1,"21":2,"22":2,"23":2,"24":1,"25":1,"26":1,"27":1,"28":1,"29":1,"30":1,"31":1,"32":1,"33":1,"34":1,"35":1,"36":1,"37":1,"38":1,"39":2,"40":2,"41":1,"42":2,"43":2,"44":1,"45":2,"46":2,"47":1,"48":2,"49":2,"50":1,"51":1,"52":1,"53":1,"54":1},"b":{"1":[2,1,1,1],"2":[1,1,1,1],"3":[1,1],"4":[1,1],"5":[1,1],"6":[1,1],"7":[1,1],"8":[1,1],"9":[1,1],"10":[1,1,1],"11":[1,1],"12":[1,1],"13":[1,1],"14":[1,1],"15":[1,1],"16":[1,1],"17":[1,1]},"f":{"1":2,"2":2,"3":2,"4":2,"5":2,"6":1,"7":1,"8":1,"9":2,"10":2,"11":2,"12":2,"13":1},"fnMap":{"1":{"name":"(anonymous_1)","line":12,"loc":{"start":{"line":12,"column":1},"end":{"line":12,"column":13}}},"2":{"name":"(anonymous_2)","line":19,"loc":{"start":{"line":19,"column":5},"end":{"line":19,"column":17}}},"3":{"name":"(anonymous_3)","line":23,"loc":{"start":{"line":23,"column":24},"end":{"line":23,"column":36}}},"4":{"name":"(anonymous_4)","line":61,"loc":{"start":{"line":61,"column":5},"end":{"line":61,"column":17}}},"5":{"name":"(anonymous_5)","line":82,"loc":{"start":{"line":82,"column":5},"end":{"line":82,"column":17}}},"6":{"name":"(anonymous_6)","line":91,"loc":{"start":{"line":91,"column":77},"end":{"line":94,"column":10}}},"7":{"name":"(anonymous_7)","line":112,"loc":{"start":{"line":112,"column":83},"end":{"line":115,"column":10}},"skip":true},"8":{"name":"(anonymous_8)","line":123,"loc":{"start":{"line":123,"column":77},"end":{"line":126,"column":10}},"skip":true},"9":{"name":"(anonymous_9)","line":139,"loc":{"start":{"line":139,"column":12},"end":{"line":139,"column":40}},"skip":true},"10":{"name":"(anonymous_10)","line":147,"loc":{"start":{"line":147,"column":77},"end":{"line":150,"column":10}},"skip":true},"11":{"name":"(anonymous_11)","line":158,"loc":{"start":{"line":158,"column":83},"end":{"line":161,"column":10}},"skip":true},"12":{"name":"(anonymous_12)","line":169,"loc":{"start":{"line":169,"column":79},"end":{"line":172,"column":10}},"skip":true},"13":{"name":"(anonymous_13)","line":180,"loc":{"start":{"line":180,"column":75},"end":{"line":183,"column":10}},"skip":true}},"statementMap":{"1":{"start":{"line":12,"column":0},"end":{"line":195,"column":5}},"2":{"start":{"line":14,"column":4},"end":{"line":14,"column":14}},"3":{"start":{"line":19,"column":4},"end":{"line":56,"column":9}},"4":{"start":{"line":21,"column":8},"end":{"line":21,"column":19}},"5":{"start":{"line":23,"column":8},"end":{"line":35,"column":13}},"6":{"start":{"line":24,"column":12},"end":{"line":34,"column":13}},"7":{"start":{"line":25,"column":16},"end":{"line":28,"column":30}},"8":{"start":{"line":30,"column":16},"end":{"line":33,"column":27}},"9":{"start":{"line":37,"column":8},"end":{"line":39,"column":21}},"10":{"start":{"line":40,"column":8},"end":{"line":53,"column":9}},"11":{"start":{"line":43,"column":12},"end":{"line":46,"column":14}},"12":{"start":{"line":47,"column":12},"end":{"line":47,"column":18}},"13":{"start":{"line":50,"column":12},"end":{"line":51,"column":46}},"14":{"start":{"line":52,"column":12},"end":{"line":52,"column":18}},"15":{"start":{"line":55,"column":8},"end":{"line":55,"column":35}},"16":{"start":{"line":61,"column":4},"end":{"line":63,"column":9}},"17":{"start":{"line":62,"column":8},"end":{"line":62,"column":15}},"18":{"start":{"line":64,"column":4},"end":{"line":77,"column":5}},"19":{"start":{"line":70,"column":8},"end":{"line":70,"column":14}},"20":{"start":{"line":76,"column":8},"end":{"line":76,"column":14}},"21":{"start":{"line":82,"column":4},"end":{"line":84,"column":9}},"22":{"start":{"line":83,"column":8},"end":{"line":83,"column":15}},"23":{"start":{"line":85,"column":4},"end":{"line":194,"column":5}},"24":{"start":{"line":91,"column":8},"end":{"line":99,"column":10}},"25":{"start":{"line":98,"column":12},"end":{"line":98,"column":35}},"26":{"start":{"line":102,"column":8},"end":{"line":104,"column":63}},"27":{"start":{"line":105,"column":8},"end":{"line":105,"column":14}},"28":{"start":{"line":112,"column":8},"end":{"line":121,"column":10},"skip":true},"29":{"start":{"line":119,"column":12},"end":{"line":119,"column":55},"skip":true},"30":{"start":{"line":120,"column":12},"end":{"line":120,"column":48},"skip":true},"31":{"start":{"line":123,"column":8},"end":{"line":136,"column":10},"skip":true},"32":{"start":{"line":130,"column":12},"end":{"line":130,"column":76},"skip":true},"33":{"start":{"line":131,"column":12},"end":{"line":131,"column":73},"skip":true},"34":{"start":{"line":132,"column":12},"end":{"line":132,"column":74},"skip":true},"35":{"start":{"line":133,"column":12},"end":{"line":133,"column":79},"skip":true},"36":{"start":{"line":134,"column":12},"end":{"line":134,"column":25},"skip":true},"37":{"start":{"line":135,"column":12},"end":{"line":135,"column":45},"skip":true},"38":{"start":{"line":138,"column":8},"end":{"line":145,"column":14},"skip":true},"39":{"start":{"line":143,"column":16},"end":{"line":143,"column":29},"skip":true},"40":{"start":{"line":144,"column":16},"end":{"line":144,"column":55},"skip":true},"41":{"start":{"line":147,"column":8},"end":{"line":156,"column":10},"skip":true},"42":{"start":{"line":154,"column":12},"end":{"line":154,"column":25},"skip":true},"43":{"start":{"line":155,"column":12},"end":{"line":155,"column":45},"skip":true},"44":{"start":{"line":158,"column":8},"end":{"line":167,"column":10},"skip":true},"45":{"start":{"line":165,"column":12},"end":{"line":165,"column":25},"skip":true},"46":{"start":{"line":166,"column":12},"end":{"line":166,"column":48},"skip":true},"47":{"start":{"line":169,"column":8},"end":{"line":178,"column":10},"skip":true},"48":{"start":{"line":176,"column":12},"end":{"line":176,"column":25},"skip":true},"49":{"start":{"line":177,"column":12},"end":{"line":177,"column":46},"skip":true},"50":{"start":{"line":180,"column":8},"end":{"line":189,"column":10},"skip":true},"51":{"start":{"line":187,"column":12},"end":{"line":187,"column":94},"skip":true},"52":{"start":{"line":188,"column":12},"end":{"line":188,"column":48},"skip":true},"53":{"start":{"line":192,"column":8},"end":{"line":192,"column":35},"skip":true},"54":{"start":{"line":193,"column":8},"end":{"line":193,"column":14},"skip":true}},"branchMap":{"1":{"line":25,"type":"binary-expr","locations":[{"start":{"line":25,"column":23},"end":{"line":25,"column":62}},{"start":{"line":26,"column":20},"end":{"line":26,"column":70}},{"start":{"line":27,"column":20},"end":{"line":27,"column":71}},{"start":{"line":28,"column":20},"end":{"line":28,"column":29}}]},"2":{"line":30,"type":"binary-expr","locations":[{"start":{"line":30,"column":23},"end":{"line":30,"column":37}},{"start":{"line":31,"column":20},"end":{"line":31,"column":61}},{"start":{"line":32,"column":20},"end":{"line":32,"column":70}},{"start":{"line":33,"column":20},"end":{"line":33,"column":26}}]},"3":{"line":37,"type":"cond-expr","locations":[{"start":{"line":38,"column":14},"end":{"line":38,"column":20}},{"start":{"line":39,"column":14},"end":{"line":39,"column":20}}]},"4":{"line":40,"type":"switch","locations":[{"start":{"line":42,"column":8},"end":{"line":47,"column":18}},{"start":{"line":49,"column":8},"end":{"line":52,"column":18}}]},"5":{"line":44,"type":"binary-expr","locations":[{"start":{"line":44,"column":16},"end":{"line":44,"column":44}},{"start":{"line":44,"column":48},"end":{"line":44,"column":66}}]},"6":{"line":50,"type":"binary-expr","locations":[{"start":{"line":50,"column":21},"end":{"line":50,"column":49}},{"start":{"line":50,"column":53},"end":{"line":50,"column":72}}]},"7":{"line":64,"type":"switch","locations":[{"start":{"line":69,"column":4},"end":{"line":70,"column":14}},{"start":{"line":75,"column":4},"end":{"line":76,"column":14}}]},"8":{"line":85,"type":"switch","locations":[{"start":{"line":90,"column":4},"end":{"line":105,"column":14}},{"start":{"line":111,"column":4},"end":{"line":193,"column":14},"skip":true}]},"9":{"line":91,"type":"binary-expr","locations":[{"start":{"line":91,"column":42},"end":{"line":91,"column":73}},{"start":{"line":91,"column":77},"end":{"line":99,"column":9}}]},"10":{"line":102,"type":"binary-expr","locations":[{"start":{"line":102,"column":18},"end":{"line":102,"column":32}},{"start":{"line":103,"column":12},"end":{"line":103,"column":53}},{"start":{"line":104,"column":12},"end":{"line":104,"column":61}}]},"11":{"line":112,"type":"binary-expr","locations":[{"start":{"line":112,"column":45},"end":{"line":112,"column":79},"skip":true},{"start":{"line":112,"column":83},"end":{"line":121,"column":9},"skip":true}]},"12":{"line":123,"type":"binary-expr","locations":[{"start":{"line":123,"column":42},"end":{"line":123,"column":73},"skip":true},{"start":{"line":123,"column":77},"end":{"line":136,"column":9},"skip":true}]},"13":{"line":138,"type":"binary-expr","locations":[{"start":{"line":138,"column":48},"end":{"line":138,"column":85},"skip":true},{"start":{"line":139,"column":12},"end":{"line":145,"column":13},"skip":true}]},"14":{"line":147,"type":"binary-expr","locations":[{"start":{"line":147,"column":42},"end":{"line":147,"column":73},"skip":true},{"start":{"line":147,"column":77},"end":{"line":156,"column":9},"skip":true}]},"15":{"line":158,"type":"binary-expr","locations":[{"start":{"line":158,"column":45},"end":{"line":158,"column":79},"skip":true},{"start":{"line":158,"column":83},"end":{"line":167,"column":9},"skip":true}]},"16":{"line":169,"type":"binary-expr","locations":[{"start":{"line":169,"column":43},"end":{"line":169,"column":75},"skip":true},{"start":{"line":169,"column":79},"end":{"line":178,"column":9},"skip":true}]},"17":{"line":180,"type":"binary-expr","locations":[{"start":{"line":180,"column":41},"end":{"line":180,"column":71},"skip":true},{"start":{"line":180,"column":75},"end":{"line":189,"column":9},"skip":true}]}},"code":["/* istanbul instrument in package npmtest_bpmn */","/*jslint","    bitwise: true,","    browser: true,","    maxerr: 8,","    maxlen: 96,","    node: true,","    nomen: true,","    regexp: true,","    stupid: true","*/","(function () {","    'use strict';","    var local;","","","","    // run shared js-env code - pre-init","    (function () {","        // init local","        local = {};","        // init modeJs","        local.modeJs = (function () {","            try {","                return typeof navigator.userAgent === 'string' &&","                    typeof document.querySelector('body') === 'object' &&","                    typeof XMLHttpRequest.prototype.open === 'function' &&","                    'browser';","            } catch (errorCaughtBrowser) {","                return module.exports &&","                    typeof process.versions.node === 'string' &&","                    typeof require('http').createServer === 'function' &&","                    'node';","            }","        }());","        // init global","        local.global = local.modeJs === 'browser'","            ? window","            : global;","        switch (local.modeJs) {","        // re-init local from window.local","        case 'browser':","            local = local.global.utility2.objectSetDefault(","                local.global.utility2_rollup || local.global.local,","                local.global.utility2","            );","            break;","        // re-init local from example.js","        case 'node':","            local = (local.global.utility2_rollup || require('utility2'))","                .requireExampleJsFromReadme();","            break;","        }","        // export local","        local.global.local = local;","    }());","","","","    // run shared js-env code - function","    (function () {","        return;","    }());","    switch (local.modeJs) {","","","","    // run browser js-env code - function","    case 'browser':","        break;","","","","    // run node js-env code - function","    case 'node':","        break;","    }","","","","    // run shared js-env code - post-init","    (function () {","        return;","    }());","    switch (local.modeJs) {","","","","    // run browser js-env code - post-init","    case 'browser':","        local.testCase_browser_nullCase = local.testCase_browser_nullCase || function (","            options,","            onError","        ) {","        /*","         * this function will test browsers's null-case handling-behavior-behavior","         */","            onError(null, options);","        };","","        // run tests","        local.nop(local.modeTest &&","            document.querySelector('#testRunButton1') &&","            document.querySelector('#testRunButton1').click());","        break;","","","","    // run node js-env code - post-init","    /* istanbul ignore next */","    case 'node':","        local.testCase_buildApidoc_default = local.testCase_buildApidoc_default || function (","            options,","            onError","        ) {","        /*","         * this function will test buildApidoc's default handling-behavior-behavior","         */","            options = { modulePathList: module.paths };","            local.buildApidoc(options, onError);","        };","","        local.testCase_buildApp_default = local.testCase_buildApp_default || function (","            options,","            onError","        ) {","        /*","         * this function will test buildApp's default handling-behavior-behavior","         */","            local.testCase_buildReadme_default(options, local.onErrorThrow);","            local.testCase_buildLib_default(options, local.onErrorThrow);","            local.testCase_buildTest_default(options, local.onErrorThrow);","            local.testCase_buildCustomOrg_default(options, local.onErrorThrow);","            options = [];","            local.buildApp(options, onError);","        };","","        local.testCase_buildCustomOrg_default = local.testCase_buildCustomOrg_default ||","            function (options, onError) {","            /*","             * this function will test buildCustomOrg's default handling-behavior","             */","                options = {};","                local.buildCustomOrg(options, onError);","            };","","        local.testCase_buildLib_default = local.testCase_buildLib_default || function (","            options,","            onError","        ) {","        /*","         * this function will test buildLib's default handling-behavior","         */","            options = {};","            local.buildLib(options, onError);","        };","","        local.testCase_buildReadme_default = local.testCase_buildReadme_default || function (","            options,","            onError","        ) {","        /*","         * this function will test buildReadme's default handling-behavior-behavior","         */","            options = {};","            local.buildReadme(options, onError);","        };","","        local.testCase_buildTest_default = local.testCase_buildTest_default || function (","            options,","            onError","        ) {","        /*","         * this function will test buildTest's default handling-behavior","         */","            options = {};","            local.buildTest(options, onError);","        };","","        local.testCase_webpage_default = local.testCase_webpage_default || function (","            options,","            onError","        ) {","        /*","         * this function will test webpage's default handling-behavior","         */","            options = { modeCoverageMerge: true, url: local.serverLocalHost + '?modeTest=1' };","            local.browserTest(options, onError);","        };","","        // run test-server","        local.testRunServer(local);","        break;","    }","}());",""],"l":{"12":2,"14":2,"19":2,"21":2,"23":2,"24":2,"25":2,"30":1,"37":2,"40":2,"43":1,"47":1,"50":1,"52":1,"55":2,"61":2,"62":2,"64":2,"70":1,"76":1,"82":2,"83":2,"85":2,"91":1,"98":1,"102":1,"105":1,"112":1,"119":1,"120":1,"123":1,"130":1,"131":1,"132":1,"133":1,"134":1,"135":1,"138":1,"143":2,"144":2,"147":1,"154":2,"155":2,"158":1,"165":2,"166":2,"169":1,"176":2,"177":2,"180":1,"187":1,"188":1,"192":1,"193":1}},"/home/travis/build/npmtest/node-npmtest-bpmn/lib.npmtest_bpmn.js":{"path":"/home/travis/build/npmtest/node-npmtest-bpmn/lib.npmtest_bpmn.js","s":{"1":2,"2":2,"3":2,"4":2,"5":2,"6":2,"7":2,"8":1,"9":2,"10":2,"11":2,"12":2,"13":1,"14":1,"15":1,"16":1},"b":{"1":[2,1,1,1],"2":[1,1,1,1],"3":[1,1],"4":[2,2],"5":[1,1]},"f":{"1":2,"2":2,"3":2},"fnMap":{"1":{"name":"(anonymous_1)","line":12,"loc":{"start":{"line":12,"column":1},"end":{"line":12,"column":13}}},"2":{"name":"(anonymous_2)","line":19,"loc":{"start":{"line":19,"column":5},"end":{"line":19,"column":17}}},"3":{"name":"(anonymous_3)","line":23,"loc":{"start":{"line":23,"column":24},"end":{"line":23,"column":36}}}},"statementMap":{"1":{"start":{"line":12,"column":0},"end":{"line":53,"column":5}},"2":{"start":{"line":14,"column":4},"end":{"line":14,"column":14}},"3":{"start":{"line":19,"column":4},"end":{"line":52,"column":9}},"4":{"start":{"line":21,"column":8},"end":{"line":21,"column":19}},"5":{"start":{"line":23,"column":8},"end":{"line":35,"column":13}},"6":{"start":{"line":24,"column":12},"end":{"line":34,"column":13}},"7":{"start":{"line":25,"column":16},"end":{"line":28,"column":30}},"8":{"start":{"line":30,"column":16},"end":{"line":33,"column":27}},"9":{"start":{"line":37,"column":8},"end":{"line":39,"column":21}},"10":{"start":{"line":41,"column":8},"end":{"line":41,"column":54}},"11":{"start":{"line":43,"column":8},"end":{"line":43,"column":49}},"12":{"start":{"line":45,"column":8},"end":{"line":51,"column":9}},"13":{"start":{"line":46,"column":12},"end":{"line":46,"column":55}},"14":{"start":{"line":48,"column":12},"end":{"line":48,"column":35}},"15":{"start":{"line":49,"column":12},"end":{"line":49,"column":49}},"16":{"start":{"line":50,"column":12},"end":{"line":50,"column":43}}},"branchMap":{"1":{"line":25,"type":"binary-expr","locations":[{"start":{"line":25,"column":23},"end":{"line":25,"column":62}},{"start":{"line":26,"column":20},"end":{"line":26,"column":70}},{"start":{"line":27,"column":20},"end":{"line":27,"column":71}},{"start":{"line":28,"column":20},"end":{"line":28,"column":29}}]},"2":{"line":30,"type":"binary-expr","locations":[{"start":{"line":30,"column":23},"end":{"line":30,"column":37}},{"start":{"line":31,"column":20},"end":{"line":31,"column":61}},{"start":{"line":32,"column":20},"end":{"line":32,"column":70}},{"start":{"line":33,"column":20},"end":{"line":33,"column":26}}]},"3":{"line":37,"type":"cond-expr","locations":[{"start":{"line":38,"column":14},"end":{"line":38,"column":20}},{"start":{"line":39,"column":14},"end":{"line":39,"column":20}}]},"4":{"line":41,"type":"binary-expr","locations":[{"start":{"line":41,"column":16},"end":{"line":41,"column":44}},{"start":{"line":41,"column":48},"end":{"line":41,"column":53}}]},"5":{"line":45,"type":"if","locations":[{"start":{"line":45,"column":8},"end":{"line":45,"column":8}},{"start":{"line":45,"column":8},"end":{"line":45,"column":8}}]}},"code":["/* istanbul instrument in package npmtest_bpmn */","/*jslint","    bitwise: true,","    browser: true,","    maxerr: 8,","    maxlen: 96,","    node: true,","    nomen: true,","    regexp: true,","    stupid: true","*/","(function () {","    'use strict';","    var local;","","","","    // run shared js-env code - pre-init","    (function () {","        // init local","        local = {};","        // init modeJs","        local.modeJs = (function () {","            try {","                return typeof navigator.userAgent === 'string' &&","                    typeof document.querySelector('body') === 'object' &&","                    typeof XMLHttpRequest.prototype.open === 'function' &&","                    'browser';","            } catch (errorCaughtBrowser) {","                return module.exports &&","                    typeof process.versions.node === 'string' &&","                    typeof require('http').createServer === 'function' &&","                    'node';","            }","        }());","        // init global","        local.global = local.modeJs === 'browser'","            ? window","            : global;","        // init utility2_rollup","        local = local.global.utility2_rollup || local;","        // init lib","        local.local = local.npmtest_bpmn = local;","        // init exports","        if (local.modeJs === 'browser') {","            local.global.utility2_npmtest_bpmn = local;","        } else {","            module.exports = local;","            module.exports.__dirname = __dirname;","            module.exports.module = module;","        }","    }());","}());",""],"l":{"12":2,"14":2,"19":2,"21":2,"23":2,"24":2,"25":2,"30":1,"37":2,"41":2,"43":2,"45":2,"46":1,"48":1,"49":1,"50":1}},"/home/travis/build/npmtest/node-npmtest-bpmn/example.js":{"path":"/home/travis/build/npmtest/node-npmtest-bpmn/example.js","s":{"1":2,"2":2,"3":2,"4":2,"5":2,"6":2,"7":2,"8":1,"9":2,"10":2,"11":2,"12":2,"13":1,"14":2,"15":2,"16":2,"17":2,"18":2,"19":0,"20":2,"21":1,"22":1,"23":1,"24":1,"25":1,"26":0,"27":0,"28":1,"29":1,"30":2,"31":0,"32":0,"33":0,"34":1,"35":2,"36":2,"37":3,"38":3,"39":3,"40":3,"41":0,"42":3,"43":3,"44":3,"45":1,"46":3,"47":1,"48":1,"49":1,"50":1,"51":1,"52":1,"53":1,"54":1,"55":1,"56":1,"57":0,"58":1,"59":6,"60":6,"61":1,"62":2,"63":0,"64":2,"65":1,"66":1,"67":0,"68":0,"69":0,"70":0,"71":0,"72":0,"73":0,"74":0,"75":0,"76":0,"77":0,"78":0,"79":0,"80":0,"81":0,"82":0,"83":0},"b":{"1":[2,1,1,1],"2":[1,1,1,1],"3":[1,1],"4":[2,2],"5":[1,1],"6":[1,1],"7":[2,0],"8":[2,1,1,1,1,1],"9":[0,2,0],"10":[1,1],"11":[2,1,1],"12":[1,0],"13":[0,2],"14":[2,0,0,0,0,0,0],"15":[0,3],"16":[3,0],"17":[1,1],"18":[0,1],"19":[1,2,0,2],"20":[1,0],"21":[1,1],"22":[0,0],"23":[0,0],"24":[0,0],"25":[0,0],"26":[0,0],"27":[0,0],"28":[0,0]},"f":{"1":2,"2":2,"3":2,"4":2,"5":2,"6":2,"7":3,"8":3,"9":3,"10":1,"11":6,"12":0},"fnMap":{"1":{"name":"(anonymous_1)","line":26,"loc":{"start":{"line":26,"column":1},"end":{"line":26,"column":13}}},"2":{"name":"(anonymous_2)","line":33,"loc":{"start":{"line":33,"column":5},"end":{"line":33,"column":17}}},"3":{"name":"(anonymous_3)","line":37,"loc":{"start":{"line":37,"column":24},"end":{"line":37,"column":36}}},"4":{"name":"(anonymous_4)","line":69,"loc":{"start":{"line":69,"column":31},"end":{"line":69,"column":48}},"skip":true},"5":{"name":"(anonymous_5)","line":78,"loc":{"start":{"line":78,"column":26},"end":{"line":78,"column":45}},"skip":true},"6":{"name":"(anonymous_6)","line":123,"loc":{"start":{"line":123,"column":33},"end":{"line":123,"column":48}},"skip":true},"7":{"name":"(anonymous_7)","line":125,"loc":{"start":{"line":125,"column":27},"end":{"line":125,"column":39}},"skip":true},"8":{"name":"(anonymous_8)","line":133,"loc":{"start":{"line":133,"column":59},"end":{"line":133,"column":74}},"skip":true},"9":{"name":"(anonymous_9)","line":143,"loc":{"start":{"line":143,"column":45},"end":{"line":143,"column":62}},"skip":true},"10":{"name":"(anonymous_10)","line":144,"loc":{"start":{"line":144,"column":73},"end":{"line":144,"column":92}},"skip":true},"11":{"name":"(anonymous_11)","line":272,"loc":{"start":{"line":272,"column":51},"end":{"line":272,"column":77}},"skip":true},"12":{"name":"(anonymous_12)","line":315,"loc":{"start":{"line":315,"column":32},"end":{"line":315,"column":61}},"skip":true}},"statementMap":{"1":{"start":{"line":26,"column":0},"end":{"line":326,"column":5}},"2":{"start":{"line":28,"column":4},"end":{"line":28,"column":14}},"3":{"start":{"line":33,"column":4},"end":{"line":60,"column":9}},"4":{"start":{"line":35,"column":8},"end":{"line":35,"column":19}},"5":{"start":{"line":37,"column":8},"end":{"line":49,"column":13}},"6":{"start":{"line":38,"column":12},"end":{"line":48,"column":13}},"7":{"start":{"line":39,"column":16},"end":{"line":42,"column":30}},"8":{"start":{"line":44,"column":16},"end":{"line":47,"column":27}},"9":{"start":{"line":51,"column":8},"end":{"line":53,"column":21}},"10":{"start":{"line":55,"column":8},"end":{"line":57,"column":45}},"11":{"start":{"line":59,"column":8},"end":{"line":59,"column":35}},"12":{"start":{"line":61,"column":4},"end":{"line":325,"column":5}},"13":{"start":{"line":69,"column":8},"end":{"line":121,"column":10},"skip":true},"14":{"start":{"line":70,"column":12},"end":{"line":88,"column":13},"skip":true},"15":{"start":{"line":76,"column":16},"end":{"line":87,"column":19},"skip":true},"16":{"start":{"line":79,"column":20},"end":{"line":86,"column":21},"skip":true},"17":{"start":{"line":82,"column":24},"end":{"line":82,"column":43},"skip":true},"18":{"start":{"line":83,"column":24},"end":{"line":83,"column":30},"skip":true},"19":{"start":{"line":85,"column":24},"end":{"line":85,"column":49},"skip":true},"20":{"start":{"line":89,"column":12},"end":{"line":107,"column":13},"skip":true},"21":{"start":{"line":92,"column":16},"end":{"line":102,"column":17},"skip":true},"22":{"start":{"line":93,"column":20},"end":{"line":93,"column":86},"skip":true},"23":{"start":{"line":94,"column":20},"end":{"line":95,"column":45},"skip":true},"24":{"start":{"line":96,"column":20},"end":{"line":96,"column":42},"skip":true},"25":{"start":{"line":97,"column":20},"end":{"line":97,"column":48},"skip":true},"26":{"start":{"line":100,"column":20},"end":{"line":100,"column":85},"skip":true},"27":{"start":{"line":101,"column":20},"end":{"line":101,"column":96},"skip":true},"28":{"start":{"line":103,"column":16},"end":{"line":103,"column":22},"skip":true},"29":{"start":{"line":106,"column":16},"end":{"line":106,"column":22},"skip":true},"30":{"start":{"line":108,"column":12},"end":{"line":120,"column":13},"skip":true},"31":{"start":{"line":114,"column":16},"end":{"line":119,"column":17},"skip":true},"32":{"start":{"line":116,"column":20},"end":{"line":116,"column":78},"skip":true},"33":{"start":{"line":118,"column":20},"end":{"line":118,"column":47},"skip":true},"34":{"start":{"line":123,"column":8},"end":{"line":141,"column":11},"skip":true},"35":{"start":{"line":124,"column":12},"end":{"line":124,"column":54},"skip":true},"36":{"start":{"line":125,"column":12},"end":{"line":140,"column":14},"skip":true},"37":{"start":{"line":126,"column":16},"end":{"line":126,"column":28},"skip":true},"38":{"start":{"line":127,"column":16},"end":{"line":127,"column":69},"skip":true},"39":{"start":{"line":128,"column":16},"end":{"line":128,"column":75},"skip":true},"40":{"start":{"line":129,"column":16},"end":{"line":131,"column":17},"skip":true},"41":{"start":{"line":130,"column":20},"end":{"line":130,"column":27},"skip":true},"42":{"start":{"line":133,"column":16},"end":{"line":137,"column":36},"skip":true},"43":{"start":{"line":134,"column":20},"end":{"line":136,"column":55},"skip":true},"44":{"start":{"line":139,"column":16},"end":{"line":139,"column":57},"skip":true},"45":{"start":{"line":143,"column":8},"end":{"line":147,"column":11},"skip":true},"46":{"start":{"line":144,"column":12},"end":{"line":146,"column":15},"skip":true},"47":{"start":{"line":145,"column":16},"end":{"line":145,"column":70},"skip":true},"48":{"start":{"line":149,"column":8},"end":{"line":149,"column":31},"skip":true},"49":{"start":{"line":150,"column":8},"end":{"line":150,"column":14},"skip":true},"50":{"start":{"line":158,"column":8},"end":{"line":158,"column":31},"skip":true},"51":{"start":{"line":160,"column":8},"end":{"line":160,"column":33},"skip":true},"52":{"start":{"line":161,"column":8},"end":{"line":161,"column":37},"skip":true},"53":{"start":{"line":162,"column":8},"end":{"line":162,"column":35},"skip":true},"54":{"start":{"line":164,"column":8},"end":{"line":164,"column":50},"skip":true},"55":{"start":{"line":166,"column":8},"end":{"line":256,"column":2},"skip":true},"56":{"start":{"line":258,"column":8},"end":{"line":286,"column":9},"skip":true},"57":{"start":{"line":259,"column":12},"end":{"line":269,"column":14},"skip":true},"58":{"start":{"line":271,"column":12},"end":{"line":285,"column":19},"skip":true},"59":{"start":{"line":274,"column":20},"end":{"line":274,"column":35},"skip":true},"60":{"start":{"line":275,"column":20},"end":{"line":284,"column":21},"skip":true},"61":{"start":{"line":277,"column":24},"end":{"line":277,"column":64},"skip":true},"62":{"start":{"line":279,"column":24},"end":{"line":279,"column":40},"skip":true},"63":{"start":{"line":281,"column":24},"end":{"line":281,"column":40},"skip":true},"64":{"start":{"line":283,"column":24},"end":{"line":283,"column":39},"skip":true},"65":{"start":{"line":288,"column":8},"end":{"line":290,"column":9},"skip":true},"66":{"start":{"line":289,"column":12},"end":{"line":289,"column":18},"skip":true},"67":{"start":{"line":291,"column":8},"end":{"line":293,"column":54},"skip":true},"68":{"start":{"line":296,"column":8},"end":{"line":301,"column":37},"skip":true},"69":{"start":{"line":303,"column":8},"end":{"line":303,"column":82},"skip":true},"70":{"start":{"line":306,"column":8},"end":{"line":308,"column":9},"skip":true},"71":{"start":{"line":307,"column":12},"end":{"line":307,"column":82},"skip":true},"72":{"start":{"line":310,"column":8},"end":{"line":312,"column":9},"skip":true},"73":{"start":{"line":311,"column":12},"end":{"line":311,"column":18},"skip":true},"74":{"start":{"line":313,"column":8},"end":{"line":313,"column":54},"skip":true},"75":{"start":{"line":314,"column":8},"end":{"line":314,"column":69},"skip":true},"76":{"start":{"line":315,"column":8},"end":{"line":323,"column":36},"skip":true},"77":{"start":{"line":316,"column":12},"end":{"line":316,"column":61},"skip":true},"78":{"start":{"line":317,"column":12},"end":{"line":320,"column":13},"skip":true},"79":{"start":{"line":318,"column":16},"end":{"line":318,"column":75},"skip":true},"80":{"start":{"line":319,"column":16},"end":{"line":319,"column":23},"skip":true},"81":{"start":{"line":321,"column":12},"end":{"line":321,"column":38},"skip":true},"82":{"start":{"line":322,"column":12},"end":{"line":322,"column":27},"skip":true},"83":{"start":{"line":324,"column":8},"end":{"line":324,"column":14},"skip":true}},"branchMap":{"1":{"line":39,"type":"binary-expr","locations":[{"start":{"line":39,"column":23},"end":{"line":39,"column":62}},{"start":{"line":40,"column":20},"end":{"line":40,"column":70}},{"start":{"line":41,"column":20},"end":{"line":41,"column":71}},{"start":{"line":42,"column":20},"end":{"line":42,"column":29}}]},"2":{"line":44,"type":"binary-expr","locations":[{"start":{"line":44,"column":23},"end":{"line":44,"column":37}},{"start":{"line":45,"column":20},"end":{"line":45,"column":61}},{"start":{"line":46,"column":20},"end":{"line":46,"column":70}},{"start":{"line":47,"column":20},"end":{"line":47,"column":26}}]},"3":{"line":51,"type":"cond-expr","locations":[{"start":{"line":52,"column":14},"end":{"line":52,"column":20}},{"start":{"line":53,"column":14},"end":{"line":53,"column":20}}]},"4":{"line":55,"type":"binary-expr","locations":[{"start":{"line":55,"column":16},"end":{"line":55,"column":44}},{"start":{"line":55,"column":49},"end":{"line":57,"column":43}}]},"5":{"line":55,"type":"cond-expr","locations":[{"start":{"line":56,"column":14},"end":{"line":56,"column":48}},{"start":{"line":57,"column":14},"end":{"line":57,"column":43}}]},"6":{"line":61,"type":"switch","locations":[{"start":{"line":68,"column":4},"end":{"line":150,"column":14},"skip":true},{"start":{"line":156,"column":4},"end":{"line":324,"column":14},"skip":true}]},"7":{"line":70,"type":"if","locations":[{"start":{"line":70,"column":12},"end":{"line":70,"column":12},"skip":true},{"start":{"line":70,"column":12},"end":{"line":70,"column":12},"skip":true}]},"8":{"line":70,"type":"binary-expr","locations":[{"start":{"line":70,"column":16},"end":{"line":70,"column":22},"skip":true},{"start":{"line":70,"column":27},"end":{"line":70,"column":32},"skip":true},{"start":{"line":71,"column":20},"end":{"line":71,"column":39},"skip":true},{"start":{"line":72,"column":20},"end":{"line":72,"column":49},"skip":true},{"start":{"line":73,"column":20},"end":{"line":73,"column":58},"skip":true},{"start":{"line":74,"column":20},"end":{"line":74,"column":69},"skip":true}]},"9":{"line":79,"type":"switch","locations":[{"start":{"line":80,"column":20},"end":{"line":80,"column":33},"skip":true},{"start":{"line":81,"column":20},"end":{"line":83,"column":30},"skip":true},{"start":{"line":84,"column":20},"end":{"line":85,"column":49},"skip":true}]},"10":{"line":89,"type":"switch","locations":[{"start":{"line":90,"column":12},"end":{"line":103,"column":22},"skip":true},{"start":{"line":105,"column":12},"end":{"line":106,"column":22},"skip":true}]},"11":{"line":89,"type":"binary-expr","locations":[{"start":{"line":89,"column":20},"end":{"line":89,"column":25},"skip":true},{"start":{"line":89,"column":29},"end":{"line":89,"column":48},"skip":true},{"start":{"line":89,"column":52},"end":{"line":89,"column":74},"skip":true}]},"12":{"line":92,"type":"if","locations":[{"start":{"line":92,"column":16},"end":{"line":92,"column":16},"skip":true},{"start":{"line":92,"column":16},"end":{"line":92,"column":16},"skip":true}]},"13":{"line":108,"type":"if","locations":[{"start":{"line":108,"column":12},"end":{"line":108,"column":12},"skip":true},{"start":{"line":108,"column":12},"end":{"line":108,"column":12},"skip":true}]},"14":{"line":108,"type":"binary-expr","locations":[{"start":{"line":108,"column":16},"end":{"line":108,"column":61},"skip":true},{"start":{"line":108,"column":66},"end":{"line":108,"column":72},"skip":true},{"start":{"line":108,"column":77},"end":{"line":108,"column":82},"skip":true},{"start":{"line":109,"column":20},"end":{"line":109,"column":39},"skip":true},{"start":{"line":110,"column":20},"end":{"line":110,"column":49},"skip":true},{"start":{"line":111,"column":20},"end":{"line":111,"column":58},"skip":true},{"start":{"line":112,"column":20},"end":{"line":112,"column":68},"skip":true}]},"15":{"line":129,"type":"if","locations":[{"start":{"line":129,"column":16},"end":{"line":129,"column":16},"skip":true},{"start":{"line":129,"column":16},"end":{"line":129,"column":16},"skip":true}]},"16":{"line":134,"type":"cond-expr","locations":[{"start":{"line":135,"column":26},"end":{"line":135,"column":29},"skip":true},{"start":{"line":136,"column":26},"end":{"line":136,"column":54},"skip":true}]},"17":{"line":164,"type":"binary-expr","locations":[{"start":{"line":164,"column":27},"end":{"line":164,"column":43},"skip":true},{"start":{"line":164,"column":47},"end":{"line":164,"column":49},"skip":true}]},"18":{"line":258,"type":"if","locations":[{"start":{"line":258,"column":8},"end":{"line":258,"column":8},"skip":true},{"start":{"line":258,"column":8},"end":{"line":258,"column":8},"skip":true}]},"19":{"line":275,"type":"switch","locations":[{"start":{"line":276,"column":20},"end":{"line":277,"column":64},"skip":true},{"start":{"line":278,"column":20},"end":{"line":279,"column":40},"skip":true},{"start":{"line":280,"column":20},"end":{"line":281,"column":40},"skip":true},{"start":{"line":282,"column":20},"end":{"line":283,"column":39},"skip":true}]},"20":{"line":288,"type":"if","locations":[{"start":{"line":288,"column":8},"end":{"line":288,"column":8},"skip":true},{"start":{"line":288,"column":8},"end":{"line":288,"column":8},"skip":true}]},"21":{"line":288,"type":"binary-expr","locations":[{"start":{"line":288,"column":12},"end":{"line":288,"column":40},"skip":true},{"start":{"line":288,"column":44},"end":{"line":288,"column":67},"skip":true}]},"22":{"line":292,"type":"binary-expr","locations":[{"start":{"line":292,"column":12},"end":{"line":292,"column":50},"skip":true},{"start":{"line":293,"column":12},"end":{"line":293,"column":53},"skip":true}]},"23":{"line":297,"type":"binary-expr","locations":[{"start":{"line":297,"column":12},"end":{"line":297,"column":62},"skip":true},{"start":{"line":298,"column":12},"end":{"line":301,"column":36},"skip":true}]},"24":{"line":303,"type":"binary-expr","locations":[{"start":{"line":303,"column":43},"end":{"line":303,"column":75},"skip":true},{"start":{"line":303,"column":79},"end":{"line":303,"column":81},"skip":true}]},"25":{"line":306,"type":"if","locations":[{"start":{"line":306,"column":8},"end":{"line":306,"column":8},"skip":true},{"start":{"line":306,"column":8},"end":{"line":306,"column":8},"skip":true}]},"26":{"line":310,"type":"if","locations":[{"start":{"line":310,"column":8},"end":{"line":310,"column":8},"skip":true},{"start":{"line":310,"column":8},"end":{"line":310,"column":8},"skip":true}]},"27":{"line":313,"type":"binary-expr","locations":[{"start":{"line":313,"column":27},"end":{"line":313,"column":43},"skip":true},{"start":{"line":313,"column":47},"end":{"line":313,"column":53},"skip":true}]},"28":{"line":317,"type":"if","locations":[{"start":{"line":317,"column":12},"end":{"line":317,"column":12},"skip":true},{"start":{"line":317,"column":12},"end":{"line":317,"column":12},"skip":true}]}},"code":["/*","example.js","","quickstart example","","instruction","    1. save this script as example.js","    2. run the shell command:","        $ npm install npmtest-bpmn && PORT=8081 node example.js","    3. play with the browser-demo on http://127.0.0.1:8081","*/","","","","/* istanbul instrument in package npmtest_bpmn */","/*jslint","    bitwise: true,","    browser: true,","    maxerr: 8,","    maxlen: 96,","    node: true,","    nomen: true,","    regexp: true,","    stupid: true","*/","(function () {","    'use strict';","    var local;","","","","    // run shared js-env code - pre-init","    (function () {","        // init local","        local = {};","        // init modeJs","        local.modeJs = (function () {","            try {","                return typeof navigator.userAgent === 'string' &&","                    typeof document.querySelector('body') === 'object' &&","                    typeof XMLHttpRequest.prototype.open === 'function' &&","                    'browser';","            } catch (errorCaughtBrowser) {","                return module.exports &&","                    typeof process.versions.node === 'string' &&","                    typeof require('http').createServer === 'function' &&","                    'node';","            }","        }());","        // init global","        local.global = local.modeJs === 'browser'","            ? window","            : global;","        // init utility2_rollup","        local = local.global.utility2_rollup || (local.modeJs === 'browser'","            ? local.global.utility2_npmtest_bpmn","            : global.utility2_moduleExports);","        // export local","        local.global.local = local;","    }());","    switch (local.modeJs) {","","","","    // post-init","    // run browser js-env code - post-init","    /* istanbul ignore next */","    case 'browser':","        local.testRunBrowser = function (event) {","            if (!event || (event &&","                    event.currentTarget &&","                    event.currentTarget.className &&","                    event.currentTarget.className.includes &&","                    event.currentTarget.className.includes('onreset'))) {","                // reset output","                Array.from(","                    document.querySelectorAll('body > .resettable')","                ).forEach(function (element) {","                    switch (element.tagName) {","                    case 'INPUT':","                    case 'TEXTAREA':","                        element.value = '';","                        break;","                    default:","                        element.textContent = '';","                    }","                });","            }","            switch (event && event.currentTarget && event.currentTarget.id) {","            case 'testRunButton1':","                // show tests","                if (document.querySelector('#testReportDiv1').style.display === 'none') {","                    document.querySelector('#testReportDiv1').style.display = 'block';","                    document.querySelector('#testRunButton1').textContent =","                        'hide internal test';","                    local.modeTest = true;","                    local.testRunDefault(local);","                // hide tests","                } else {","                    document.querySelector('#testReportDiv1').style.display = 'none';","                    document.querySelector('#testRunButton1').textContent = 'run internal test';","                }","                break;","            // custom-case","            default:","                break;","            }","            if (document.querySelector('#inputTextareaEval1') && (!event || (event &&","                    event.currentTarget &&","                    event.currentTarget.className &&","                    event.currentTarget.className.includes &&","                    event.currentTarget.className.includes('oneval')))) {","                // try to eval input-code","                try {","                    /*jslint evil: true*/","                    eval(document.querySelector('#inputTextareaEval1').value);","                } catch (errorCaught) {","                    console.error(errorCaught);","                }","            }","        };","        // log stderr and stdout to #outputTextareaStdout1","        ['error', 'log'].forEach(function (key) {","            console[key + '_original'] = console[key];","            console[key] = function () {","                var element;","                console[key + '_original'].apply(console, arguments);","                element = document.querySelector('#outputTextareaStdout1');","                if (!element) {","                    return;","                }","                // append text to #outputTextareaStdout1","                element.value += Array.from(arguments).map(function (arg) {","                    return typeof arg === 'string'","                        ? arg","                        : JSON.stringify(arg, null, 4);","                }).join(' ') + '\\n';","                // scroll textarea to bottom","                element.scrollTop = element.scrollHeight;","            };","        });","        // init event-handling","        ['change', 'click', 'keyup'].forEach(function (event) {","            Array.from(document.querySelectorAll('.on' + event)).forEach(function (element) {","                element.addEventListener(event, local.testRunBrowser);","            });","        });","        // run tests","        local.testRunBrowser();","        break;","","","","    // run node js-env code - post-init","    /* istanbul ignore next */","    case 'node':","        // export local","        module.exports = local;","        // require modules","        local.fs = require('fs');","        local.http = require('http');","        local.url = require('url');","        // init assets","        local.assetsDict = local.assetsDict || {};","        /* jslint-ignore-begin */","        local.assetsDict['/assets.index.template.html'] = '\\","<!doctype html>\\n\\","<html lang=\"en\">\\n\\","<head>\\n\\","<meta charset=\"UTF-8\">\\n\\","<meta name=\"viewport\" content=\"width=device-width, initial-scale=1\">\\n\\","<title>{{env.npm_package_name}} (v{{env.npm_package_version}})</title>\\n\\","<style>\\n\\","/*csslint\\n\\","    box-sizing: false,\\n\\","    universal-selector: false\\n\\","*/\\n\\","* {\\n\\","    box-sizing: border-box;\\n\\","}\\n\\","body {\\n\\","    background: #dde;\\n\\","    font-family: Arial, Helvetica, sans-serif;\\n\\","    margin: 2rem;\\n\\","}\\n\\","body > * {\\n\\","    margin-bottom: 1rem;\\n\\","}\\n\\",".utility2FooterDiv {\\n\\","    margin-top: 20px;\\n\\","    text-align: center;\\n\\","}\\n\\","</style>\\n\\","<style>\\n\\","/*csslint\\n\\","*/\\n\\","textarea {\\n\\","    font-family: monospace;\\n\\","    height: 10rem;\\n\\","    width: 100%;\\n\\","}\\n\\","textarea[readonly] {\\n\\","    background: #ddd;\\n\\","}\\n\\","</style>\\n\\","</head>\\n\\","<body>\\n\\","<!-- utility2-comment\\n\\","<div id=\"ajaxProgressDiv1\" style=\"background: #d00; height: 2px; left: 0; margin: 0; padding: 0; position: fixed; top: 0; transition: background 0.5s, width 1.5s; width: 25%;\"></div>\\n\\","utility2-comment -->\\n\\","<h1>\\n\\","<!-- utility2-comment\\n\\","    <a\\n\\","        {{#if env.npm_package_homepage}}\\n\\","        href=\"{{env.npm_package_homepage}}\"\\n\\","        {{/if env.npm_package_homepage}}\\n\\","        target=\"_blank\"\\n\\","    >\\n\\","utility2-comment -->\\n\\","        {{env.npm_package_name}} (v{{env.npm_package_version}})\\n\\","<!-- utility2-comment\\n\\","    </a>\\n\\","utility2-comment -->\\n\\","</h1>\\n\\","<h3>{{env.npm_package_description}}</h3>\\n\\","<!-- utility2-comment\\n\\","<h4><a download href=\"assets.app.js\">download standalone app</a></h4>\\n\\","<button class=\"onclick onreset\" id=\"testRunButton1\">run internal test</button><br>\\n\\","<div id=\"testReportDiv1\" style=\"display: none;\"></div>\\n\\","utility2-comment -->\\n\\","\\n\\","\\n\\","\\n\\","<label>stderr and stdout</label>\\n\\","<textarea class=\"resettable\" id=\"outputTextareaStdout1\" readonly></textarea>\\n\\","<!-- utility2-comment\\n\\","{{#if isRollup}}\\n\\","<script src=\"assets.app.js\"></script>\\n\\","{{#unless isRollup}}\\n\\","utility2-comment -->\\n\\","<script src=\"assets.utility2.rollup.js\"></script>\\n\\","<script src=\"jsonp.utility2._stateInit?callback=window.utility2._stateInit\"></script>\\n\\","<script src=\"assets.npmtest_bpmn.rollup.js\"></script>\\n\\","<script src=\"assets.example.js\"></script>\\n\\","<script src=\"assets.test.js\"></script>\\n\\","<!-- utility2-comment\\n\\","{{/if isRollup}}\\n\\","utility2-comment -->\\n\\","<div class=\"utility2FooterDiv\">\\n\\","    [ this app was created with\\n\\","    <a href=\"https://github.com/kaizhu256/node-utility2\" target=\"_blank\">utility2</a>\\n\\","    ]\\n\\","</div>\\n\\","</body>\\n\\","</html>\\n\\","';","        /* jslint-ignore-end */","        if (local.templateRender) {","            local.assetsDict['/'] = local.templateRender(","                local.assetsDict['/assets.index.template.html'],","                {","                    env: local.objectSetDefault(local.env, {","                        npm_package_description: 'the greatest app in the world!',","                        npm_package_name: 'my-app',","                        npm_package_nameAlias: 'my_app',","                        npm_package_version: '0.0.1'","                    })","                }","            );","        } else {","            local.assetsDict['/'] = local.assetsDict['/assets.index.template.html']","                .replace((/\\{\\{env\\.(\\w+?)\\}\\}/g), function (match0, match1) {","                    // jslint-hack","                    String(match0);","                    switch (match1) {","                    case 'npm_package_description':","                        return 'the greatest app in the world!';","                    case 'npm_package_name':","                        return 'my-app';","                    case 'npm_package_nameAlias':","                        return 'my_app';","                    case 'npm_package_version':","                        return '0.0.1';","                    }","                });","        }","        // run the cli","        if (local.global.utility2_rollup || module !== require.main) {","            break;","        }","        local.assetsDict['/assets.example.js'] =","            local.assetsDict['/assets.example.js'] ||","            local.fs.readFileSync(__filename, 'utf8');","        // bug-workaround - long $npm_package_buildCustomOrg","        /* jslint-ignore-begin */","        local.assetsDict['/assets.npmtest_bpmn.rollup.js'] =","            local.assetsDict['/assets.npmtest_bpmn.rollup.js'] ||","            local.fs.readFileSync(","                local.npmtest_bpmn.__dirname + '/lib.npmtest_bpmn.js',","                'utf8'","            ).replace((/^#!/), '//');","        /* jslint-ignore-end */","        local.assetsDict['/favicon.ico'] = local.assetsDict['/favicon.ico'] || '';","        // if $npm_config_timeout_exit exists,","        // then exit this process after $npm_config_timeout_exit ms","        if (Number(process.env.npm_config_timeout_exit)) {","            setTimeout(process.exit, Number(process.env.npm_config_timeout_exit));","        }","        // start server","        if (local.global.utility2_serverHttp1) {","            break;","        }","        process.env.PORT = process.env.PORT || '8081';","        console.error('server starting on port ' + process.env.PORT);","        local.http.createServer(function (request, response) {","            request.urlParsed = local.url.parse(request.url);","            if (local.assetsDict[request.urlParsed.pathname] !== undefined) {","                response.end(local.assetsDict[request.urlParsed.pathname]);","                return;","            }","            response.statusCode = 404;","            response.end();","        }).listen(process.env.PORT);","        break;","    }","}());",""],"l":{"26":2,"28":2,"33":2,"35":2,"37":2,"38":2,"39":2,"44":1,"51":2,"55":2,"59":2,"61":2,"69":1,"70":2,"76":2,"79":2,"82":2,"83":2,"85":1,"89":2,"92":1,"93":1,"94":1,"96":1,"97":1,"100":1,"101":1,"103":1,"106":1,"108":2,"114":1,"116":1,"118":1,"123":1,"124":2,"125":2,"126":3,"127":3,"128":3,"129":3,"130":1,"133":3,"134":3,"139":3,"143":1,"144":3,"145":1,"149":1,"150":1,"158":1,"160":1,"161":1,"162":1,"164":1,"166":1,"258":1,"259":1,"271":1,"274":6,"275":6,"277":1,"279":2,"281":1,"283":2,"288":1,"289":1,"291":1,"296":1,"303":1,"306":1,"307":1,"310":1,"311":1,"313":1,"314":1,"315":1,"316":1,"317":1,"318":1,"319":1,"321":1,"322":1,"324":1}},"/home/travis/build/npmtest/node-npmtest-bpmn/node_modules/bpmn/lib/public.js":{"path":"/home/travis/build/npmtest/node-npmtest-bpmn/node_modules/bpmn/lib/public.js","s":{"1":1,"2":1,"3":1,"4":1,"5":1,"6":1,"7":1,"8":1,"9":1,"10":0,"11":1,"12":1,"13":0,"14":0,"15":0,"16":0,"17":0,"18":0,"19":0,"20":0,"21":0,"22":0,"23":0,"24":0,"25":0,"26":1,"27":0,"28":0,"29":0,"30":0,"31":0,"32":0,"33":0,"34":0,"35":0,"36":0,"37":1,"38":0,"39":0,"40":0,"41":0,"42":0,"43":0,"44":0,"45":0,"46":0,"47":0,"48":0,"49":0,"50":0,"51":0,"52":0,"53":0,"54":0,"55":1,"56":0,"57":0,"58":0,"59":0,"60":0,"61":0,"62":0,"63":0,"64":0,"65":0,"66":0,"67":0,"68":0,"69":0,"70":0,"71":0,"72":0,"73":0,"74":1,"75":0,"76":1,"77":0,"78":0,"79":0,"80":0,"81":0},"b":{"1":[0,0],"2":[0,0],"3":[0,0],"4":[0,0],"5":[0,0],"6":[0,0],"7":[0,0],"8":[0,0],"9":[0,0]},"f":{"1":0,"2":0,"3":0,"4":0,"5":0,"6":0,"7":0,"8":0,"9":0,"10":0,"11":0,"12":0,"13":0,"14":0,"15":0,"16":0,"17":0,"18":0,"19":0},"fnMap":{"1":{"name":"(anonymous_1)","line":20,"loc":{"start":{"line":20,"column":21},"end":{"line":20,"column":32}}},"2":{"name":"(anonymous_2)","line":33,"loc":{"start":{"line":33,"column":33},"end":{"line":33,"column":66}}},"3":{"name":"(anonymous_3)","line":49,"loc":{"start":{"line":49,"column":70},"end":{"line":49,"column":96}}},"4":{"name":"(anonymous_4)","line":67,"loc":{"start":{"line":67,"column":40},"end":{"line":67,"column":77}}},"5":{"name":"(anonymous_5)","line":82,"loc":{"start":{"line":82,"column":70},"end":{"line":82,"column":96}}},"6":{"name":"(anonymous_6)","line":94,"loc":{"start":{"line":94,"column":48},"end":{"line":94,"column":81}}},"7":{"name":"(anonymous_7)","line":99,"loc":{"start":{"line":99,"column":41},"end":{"line":99,"column":75}}},"8":{"name":"(anonymous_8)","line":100,"loc":{"start":{"line":100,"column":74},"end":{"line":100,"column":100}}},"9":{"name":"(anonymous_9)","line":107,"loc":{"start":{"line":107,"column":7},"end":{"line":107,"column":20}}},"10":{"name":"(anonymous_10)","line":110,"loc":{"start":{"line":110,"column":39},"end":{"line":110,"column":53}}},"11":{"name":"(anonymous_11)","line":115,"loc":{"start":{"line":115,"column":33},"end":{"line":115,"column":56}}},"12":{"name":"(anonymous_12)","line":134,"loc":{"start":{"line":134,"column":55},"end":{"line":134,"column":92}}},"13":{"name":"(anonymous_13)","line":142,"loc":{"start":{"line":142,"column":41},"end":{"line":142,"column":75}}},"14":{"name":"(anonymous_14)","line":143,"loc":{"start":{"line":143,"column":74},"end":{"line":143,"column":100}}},"15":{"name":"(anonymous_15)","line":150,"loc":{"start":{"line":150,"column":7},"end":{"line":150,"column":20}}},"16":{"name":"(anonymous_16)","line":153,"loc":{"start":{"line":153,"column":39},"end":{"line":153,"column":53}}},"17":{"name":"(anonymous_17)","line":158,"loc":{"start":{"line":158,"column":33},"end":{"line":158,"column":56}}},"18":{"name":"(anonymous_18)","line":174,"loc":{"start":{"line":174,"column":30},"end":{"line":174,"column":49}}},"19":{"name":"(anonymous_19)","line":185,"loc":{"start":{"line":185,"column":29},"end":{"line":185,"column":59}}}},"statementMap":{"1":{"start":{"line":6,"column":0},"end":{"line":6,"column":29}},"2":{"start":{"line":8,"column":0},"end":{"line":8,"column":54}},"3":{"start":{"line":9,"column":0},"end":{"line":9,"column":39}},"4":{"start":{"line":10,"column":0},"end":{"line":10,"column":44}},"5":{"start":{"line":11,"column":0},"end":{"line":11,"column":36}},"6":{"start":{"line":14,"column":0},"end":{"line":14,"column":57}},"7":{"start":{"line":16,"column":0},"end":{"line":16,"column":48}},"8":{"start":{"line":18,"column":0},"end":{"line":18,"column":40}},"9":{"start":{"line":20,"column":0},"end":{"line":22,"column":2}},"10":{"start":{"line":21,"column":4},"end":{"line":21,"column":29}},"11":{"start":{"line":24,"column":0},"end":{"line":24,"column":37}},"12":{"start":{"line":33,"column":0},"end":{"line":57,"column":2}},"13":{"start":{"line":34,"column":4},"end":{"line":34,"column":33}},"14":{"start":{"line":35,"column":4},"end":{"line":35,"column":81}},"15":{"start":{"line":36,"column":4},"end":{"line":36,"column":60}},"16":{"start":{"line":38,"column":4},"end":{"line":47,"column":5}},"17":{"start":{"line":39,"column":8},"end":{"line":39,"column":50}},"18":{"start":{"line":41,"column":8},"end":{"line":41,"column":172}},"19":{"start":{"line":42,"column":8},"end":{"line":46,"column":9}},"20":{"start":{"line":43,"column":12},"end":{"line":43,"column":24}},"21":{"start":{"line":45,"column":12},"end":{"line":45,"column":28}},"22":{"start":{"line":49,"column":4},"end":{"line":55,"column":7}},"23":{"start":{"line":50,"column":8},"end":{"line":52,"column":9}},"24":{"start":{"line":51,"column":12},"end":{"line":51,"column":19}},"25":{"start":{"line":54,"column":8},"end":{"line":54,"column":49}},"26":{"start":{"line":67,"column":0},"end":{"line":86,"column":2}},"27":{"start":{"line":68,"column":4},"end":{"line":68,"column":33}},"28":{"start":{"line":69,"column":4},"end":{"line":69,"column":90}},"29":{"start":{"line":71,"column":4},"end":{"line":76,"column":5}},"30":{"start":{"line":72,"column":8},"end":{"line":72,"column":50}},"31":{"start":{"line":74,"column":8},"end":{"line":74,"column":147}},"32":{"start":{"line":75,"column":8},"end":{"line":75,"column":31}},"33":{"start":{"line":78,"column":4},"end":{"line":80,"column":5}},"34":{"start":{"line":79,"column":8},"end":{"line":79,"column":57}},"35":{"start":{"line":82,"column":4},"end":{"line":84,"column":7}},"36":{"start":{"line":83,"column":8},"end":{"line":83,"column":49}},"37":{"start":{"line":94,"column":0},"end":{"line":124,"column":2}},"38":{"start":{"line":95,"column":4},"end":{"line":95,"column":23}},"39":{"start":{"line":96,"column":4},"end":{"line":96,"column":81}},"40":{"start":{"line":97,"column":4},"end":{"line":97,"column":60}},"41":{"start":{"line":99,"column":4},"end":{"line":123,"column":7}},"42":{"start":{"line":100,"column":8},"end":{"line":106,"column":11}},"43":{"start":{"line":101,"column":12},"end":{"line":103,"column":13}},"44":{"start":{"line":102,"column":16},"end":{"line":102,"column":26}},"45":{"start":{"line":104,"column":12},"end":{"line":104,"column":60}},"46":{"start":{"line":105,"column":12},"end":{"line":105,"column":19}},"47":{"start":{"line":108,"column":8},"end":{"line":108,"column":25}},"48":{"start":{"line":110,"column":8},"end":{"line":120,"column":11}},"49":{"start":{"line":111,"column":12},"end":{"line":111,"column":46}},"50":{"start":{"line":113,"column":12},"end":{"line":113,"column":97}},"51":{"start":{"line":115,"column":12},"end":{"line":117,"column":15}},"52":{"start":{"line":116,"column":16},"end":{"line":116,"column":90}},"53":{"start":{"line":119,"column":12},"end":{"line":119,"column":52}},"54":{"start":{"line":122,"column":8},"end":{"line":122,"column":31}},"55":{"start":{"line":134,"column":0},"end":{"line":167,"column":2}},"56":{"start":{"line":135,"column":4},"end":{"line":135,"column":23}},"57":{"start":{"line":136,"column":4},"end":{"line":136,"column":76}},"58":{"start":{"line":138,"column":4},"end":{"line":140,"column":5}},"59":{"start":{"line":139,"column":8},"end":{"line":139,"column":57}},"60":{"start":{"line":142,"column":4},"end":{"line":166,"column":7}},"61":{"start":{"line":143,"column":8},"end":{"line":149,"column":11}},"62":{"start":{"line":144,"column":12},"end":{"line":146,"column":13}},"63":{"start":{"line":145,"column":16},"end":{"line":145,"column":26}},"64":{"start":{"line":147,"column":12},"end":{"line":147,"column":60}},"65":{"start":{"line":148,"column":12},"end":{"line":148,"column":19}},"66":{"start":{"line":151,"column":8},"end":{"line":151,"column":25}},"67":{"start":{"line":153,"column":8},"end":{"line":163,"column":11}},"68":{"start":{"line":154,"column":12},"end":{"line":154,"column":46}},"69":{"start":{"line":156,"column":12},"end":{"line":156,"column":97}},"70":{"start":{"line":158,"column":12},"end":{"line":160,"column":15}},"71":{"start":{"line":159,"column":16},"end":{"line":159,"column":90}},"72":{"start":{"line":162,"column":12},"end":{"line":162,"column":52}},"73":{"start":{"line":165,"column":8},"end":{"line":165,"column":31}},"74":{"start":{"line":174,"column":0},"end":{"line":176,"column":2}},"75":{"start":{"line":175,"column":4},"end":{"line":175,"column":50}},"76":{"start":{"line":185,"column":0},"end":{"line":193,"column":2}},"77":{"start":{"line":186,"column":4},"end":{"line":186,"column":31}},"78":{"start":{"line":187,"column":4},"end":{"line":191,"column":5}},"79":{"start":{"line":188,"column":8},"end":{"line":188,"column":77}},"80":{"start":{"line":190,"column":8},"end":{"line":190,"column":71}},"81":{"start":{"line":192,"column":4},"end":{"line":192,"column":27}}},"branchMap":{"1":{"line":38,"type":"if","locations":[{"start":{"line":38,"column":4},"end":{"line":38,"column":4}},{"start":{"line":38,"column":4},"end":{"line":38,"column":4}}]},"2":{"line":42,"type":"if","locations":[{"start":{"line":42,"column":8},"end":{"line":42,"column":8}},{"start":{"line":42,"column":8},"end":{"line":42,"column":8}}]},"3":{"line":50,"type":"if","locations":[{"start":{"line":50,"column":8},"end":{"line":50,"column":8}},{"start":{"line":50,"column":8},"end":{"line":50,"column":8}}]},"4":{"line":71,"type":"if","locations":[{"start":{"line":71,"column":4},"end":{"line":71,"column":4}},{"start":{"line":71,"column":4},"end":{"line":71,"column":4}}]},"5":{"line":78,"type":"if","locations":[{"start":{"line":78,"column":4},"end":{"line":78,"column":4}},{"start":{"line":78,"column":4},"end":{"line":78,"column":4}}]},"6":{"line":101,"type":"if","locations":[{"start":{"line":101,"column":12},"end":{"line":101,"column":12}},{"start":{"line":101,"column":12},"end":{"line":101,"column":12}}]},"7":{"line":138,"type":"if","locations":[{"start":{"line":138,"column":4},"end":{"line":138,"column":4}},{"start":{"line":138,"column":4},"end":{"line":138,"column":4}}]},"8":{"line":144,"type":"if","locations":[{"start":{"line":144,"column":12},"end":{"line":144,"column":12}},{"start":{"line":144,"column":12},"end":{"line":144,"column":12}}]},"9":{"line":187,"type":"if","locations":[{"start":{"line":187,"column":4},"end":{"line":187,"column":4}},{"start":{"line":187,"column":4},"end":{"line":187,"column":4}}]}},"code":["/**"," * Copyright: E2E Technologies Ltd"," */","\"use strict\";","","var async = require('async');","","var definitions = require('./parsing/definitions.js');","var handlers = require('./handler.js');","var bpmnProcesses = require('./process.js');","var logger = require('./logger.js');","","","var ProcessManager = require('./manager').ProcessManager;","","module.exports = exports = new ProcessManager();","","exports.ProcessManager = ProcessManager;","","exports.clearCache = function() {","    definitions.clearCache();","};","","exports.logLevels = logger.logLevels;","","/**"," * A BPMN process is created."," *"," * @param {String} bpmnFilePath Full qualified file name of the bpmn file to be loaded"," * @param {Function} callback"," * @return {BPMNProcessClient}"," */","exports.createUnmanagedProcess = function(bpmnFilePath, callback) {","    var processDefinition, error;","    var processDefinitions = definitions.getBPMNProcessDefinitions(bpmnFilePath);","    var handler = handlers.getHandlerFromFile(bpmnFilePath);","","    if (processDefinitions.length === 1) {","        processDefinition = processDefinitions[0];","    } else {","        error = new Error(\"The BPMN file '\" + bpmnFilePath + \"'. contains more than one process definition. Use 'createCollaboratingProcesses' instead of 'createProcess'\");","        if(!callback) {","            throw error;","        } else {","            callback(error);","        }","    }","","    bpmnProcesses.createBPMNProcess(null, processDefinition, handler, function(err, bpmnProcess){","        if(!callback){","            return;","        }","","        callback(err, bpmnProcess.processClient);","    });","","};","","/**"," * A BPMN process is created."," *"," * @param {String} bpmnXML"," * @param {String|object} handler"," * @param {Function} callback"," * @return {BPMNProcessClient}"," */","exports.createUnmanagedProcessFromXML = function(bpmnXML, handler, callback) {","    var processDefinition, error;","    var processDefinitions = definitions.getBPMNDefinitionsFromXML(bpmnXML, \"Standalone\");","","    if (processDefinitions.length === 1) {","        processDefinition = processDefinitions[0];","    } else {","        error = new Error(\"The BPMN XML contains more than one process definition. Use 'createCollaboratingProcesses' instead of 'createProcess'\");","        return callback(error);","    }","","    if(typeof handler === 'string') {","        handler = handlers.getHandlerFromString(handler);","    }","","    bpmnProcesses.createBPMNProcess(null, processDefinition, handler, function(err, bpmnProcess){","        callback(err, bpmnProcess.processClient);","    });","","};","","/**"," * An array of BPMN processes are created."," *"," * @param {String} bpmnFilePath Full qualified file name of the bpmn file to be loaded"," * @param {Function} callback"," */","exports.createUnmanagedCollaboratingProcesses = function(bpmnFilePath, callback) {","    var processes = {};","    var processDefinitions = definitions.getBPMNProcessDefinitions(bpmnFilePath);","    var handler = handlers.getHandlerFromFile(bpmnFilePath);","","    async.eachSeries(processDefinitions, function(processDefinition, done) {","        bpmnProcesses.createBPMNProcess(null, processDefinition, handler, function(err, bpmnProcess){","            if(err){","                done(err);","            }","            processes[processDefinition.name] = bpmnProcess;","            done();","        });","    }, function(err){","        var clients = [];","","        Object.keys(processes).forEach(function(name){","            var bpmnProcess = processes[name];","","            var participants = bpmnProcess.getProcessDefinition().getCollaboratingParticipants();","","            participants.forEach(function (participant) {","                bpmnProcess.addParticipant(participant.name, processes[participant.name]);","            });","","            clients.push(bpmnProcess.processClient);","        });","","        callback(err, clients);","    });","};","","","/**"," * An array of BPMN processes are created."," *"," * @param {String} bpmnXML"," * @param {String|object} handler"," * @param {Function} callback"," */","exports.createUnmanagedCollaboratingProcessesFromXML = function(bpmnXML, handler, callback) {","    var processes = {};","    var processDefinitions = definitions.getBPMNDefinitionsFromXML(bpmnXML);","","    if(typeof handler === 'string'){","        handler = handlers.getHandlerFromString(handler);","    }","","    async.eachSeries(processDefinitions, function(processDefinition, done) {","        bpmnProcesses.createBPMNProcess(null, processDefinition, handler, function(err, bpmnProcess){","            if(err){","                done(err);","            }","            processes[processDefinition.name] = bpmnProcess;","            done();","        });","    }, function(err){","        var clients = [];","","        Object.keys(processes).forEach(function(name){","            var bpmnProcess = processes[name];","","            var participants = bpmnProcess.getProcessDefinition().getCollaboratingParticipants();","","            participants.forEach(function (participant) {","                bpmnProcess.addParticipant(participant.name, processes[participant.name]);","            });","","            clients.push(bpmnProcess.processClient);","        });","","        callback(err, clients);","    });","};","","/**"," * Maps bpmn names to valid handler names."," * @param {String} bpmnName"," * @type {String}"," */","exports.mapName2HandlerName = function(bpmnName) {","    return handlers.mapName2HandlerName(bpmnName);","};","","/**"," * Loads, parses, and validates BPMN definitions from bpmnFilePath"," * If validation error occur, an exception of type BPMNParseErrorQueue is thrown."," * @param {String} bpmnFilePath"," * @param {Boolean=} cache If true, the definitions are cached."," * @return {Array.<BPMNProcessDefinition|BPMNCollaborationDefinition>}"," */","exports.getBPMNDefinitions = function(bpmnFilePath, cache) {","    var bpmnDefinitions = null;","    if (cache) {","        bpmnDefinitions = definitions.getCachedBPMNDefinitions(bpmnFilePath);","    } else {","        bpmnDefinitions = definitions.getBPMNDefinitions(bpmnFilePath);","    }","    return bpmnDefinitions;","};","","",""],"l":{"6":1,"8":1,"9":1,"10":1,"11":1,"14":1,"16":1,"18":1,"20":1,"21":0,"24":1,"33":1,"34":0,"35":0,"36":0,"38":0,"39":0,"41":0,"42":0,"43":0,"45":0,"49":0,"50":0,"51":0,"54":0,"67":1,"68":0,"69":0,"71":0,"72":0,"74":0,"75":0,"78":0,"79":0,"82":0,"83":0,"94":1,"95":0,"96":0,"97":0,"99":0,"100":0,"101":0,"102":0,"104":0,"105":0,"108":0,"110":0,"111":0,"113":0,"115":0,"116":0,"119":0,"122":0,"134":1,"135":0,"136":0,"138":0,"139":0,"142":0,"143":0,"144":0,"145":0,"147":0,"148":0,"151":0,"153":0,"154":0,"156":0,"158":0,"159":0,"162":0,"165":0,"174":1,"175":0,"185":1,"186":0,"187":0,"188":0,"190":0,"192":0}},"/home/travis/build/npmtest/node-npmtest-bpmn/node_modules/bpmn/lib/parsing/definitions.js":{"path":"/home/travis/build/npmtest/node-npmtest-bpmn/node_modules/bpmn/lib/parsing/definitions.js","s":{"1":1,"2":1,"3":1,"4":1,"5":1,"6":1,"7":1,"8":1,"9":0,"10":1,"11":0,"12":0,"13":0,"14":0,"15":0,"16":0,"17":1,"18":0,"19":0,"20":1,"21":0,"22":0,"23":1,"24":0,"25":0,"26":1,"27":0,"28":0,"29":1,"30":0,"31":0,"32":0,"33":0,"34":0,"35":1,"36":1,"37":0,"38":0,"39":0,"40":0,"41":0,"42":0,"43":0,"44":1,"45":0,"46":0,"47":0,"48":0,"49":0,"50":0,"51":0,"52":0,"53":0,"54":1,"55":1,"56":0,"57":0,"58":0,"59":0,"60":0,"61":0,"62":0,"63":0,"64":1},"b":{"1":[0,0],"2":[0,0]},"f":{"1":0,"2":0,"3":0,"4":0,"5":0,"6":0,"7":0,"8":0,"9":0,"10":0,"11":0,"12":0,"13":0},"fnMap":{"1":{"name":"(anonymous_1)","line":14,"loc":{"start":{"line":14,"column":21},"end":{"line":14,"column":32}}},"2":{"name":"(anonymous_2)","line":22,"loc":{"start":{"line":22,"column":35},"end":{"line":22,"column":58}}},"3":{"name":"(anonymous_3)","line":38,"loc":{"start":{"line":38,"column":68},"end":{"line":38,"column":91}}},"4":{"name":"(anonymous_4)","line":47,"loc":{"start":{"line":47,"column":42},"end":{"line":47,"column":65}}},"5":{"name":"getCollaborationDefinitions","line":52,"loc":{"start":{"line":52,"column":0},"end":{"line":52,"column":54}}},"6":{"name":"(anonymous_6)","line":53,"loc":{"start":{"line":53,"column":34},"end":{"line":53,"column":55}}},"7":{"name":"getProcessDefinitions","line":58,"loc":{"start":{"line":58,"column":0},"end":{"line":58,"column":48}}},"8":{"name":"(anonymous_8)","line":59,"loc":{"start":{"line":59,"column":34},"end":{"line":59,"column":55}}},"9":{"name":"getCachedBPMNDefinitions","line":70,"loc":{"start":{"line":70,"column":0},"end":{"line":70,"column":48}}},"10":{"name":"setCollaborationDefinitions","line":86,"loc":{"start":{"line":86,"column":0},"end":{"line":86,"column":53}}},"11":{"name":"(anonymous_11)","line":90,"loc":{"start":{"line":90,"column":31},"end":{"line":90,"column":59}}},"12":{"name":"getBPMNDefinitions","line":101,"loc":{"start":{"line":101,"column":0},"end":{"line":101,"column":42}}},"13":{"name":"getBPMNDefinitionsFromXML","line":127,"loc":{"start":{"line":127,"column":0},"end":{"line":127,"column":75}}}},"statementMap":{"1":{"start":{"line":6,"column":0},"end":{"line":6,"column":23}},"2":{"start":{"line":7,"column":0},"end":{"line":7,"column":27}},"3":{"start":{"line":8,"column":0},"end":{"line":8,"column":44}},"4":{"start":{"line":9,"column":0},"end":{"line":9,"column":41}},"5":{"start":{"line":10,"column":0},"end":{"line":10,"column":36}},"6":{"start":{"line":11,"column":0},"end":{"line":11,"column":36}},"7":{"start":{"line":13,"column":0},"end":{"line":13,"column":30}},"8":{"start":{"line":14,"column":0},"end":{"line":16,"column":2}},"9":{"start":{"line":15,"column":4},"end":{"line":15,"column":30}},"10":{"start":{"line":22,"column":0},"end":{"line":32,"column":2}},"11":{"start":{"line":23,"column":4},"end":{"line":23,"column":26}},"12":{"start":{"line":24,"column":4},"end":{"line":24,"column":69}},"13":{"start":{"line":26,"column":4},"end":{"line":30,"column":5}},"14":{"start":{"line":27,"column":8},"end":{"line":27,"column":50}},"15":{"start":{"line":29,"column":8},"end":{"line":29,"column":178}},"16":{"start":{"line":31,"column":4},"end":{"line":31,"column":29}},"17":{"start":{"line":38,"column":0},"end":{"line":41,"column":2}},"18":{"start":{"line":39,"column":4},"end":{"line":39,"column":65}},"19":{"start":{"line":40,"column":4},"end":{"line":40,"column":50}},"20":{"start":{"line":47,"column":0},"end":{"line":50,"column":2}},"21":{"start":{"line":48,"column":4},"end":{"line":48,"column":65}},"22":{"start":{"line":49,"column":4},"end":{"line":49,"column":56}},"23":{"start":{"line":52,"column":0},"end":{"line":56,"column":1}},"24":{"start":{"line":53,"column":4},"end":{"line":55,"column":7}},"25":{"start":{"line":54,"column":8},"end":{"line":54,"column":52}},"26":{"start":{"line":58,"column":0},"end":{"line":62,"column":1}},"27":{"start":{"line":59,"column":4},"end":{"line":61,"column":7}},"28":{"start":{"line":60,"column":8},"end":{"line":60,"column":46}},"29":{"start":{"line":70,"column":0},"end":{"line":79,"column":1}},"30":{"start":{"line":71,"column":4},"end":{"line":71,"column":61}},"31":{"start":{"line":73,"column":4},"end":{"line":76,"column":5}},"32":{"start":{"line":74,"column":8},"end":{"line":74,"column":59}},"33":{"start":{"line":75,"column":8},"end":{"line":75,"column":61}},"34":{"start":{"line":78,"column":4},"end":{"line":78,"column":27}},"35":{"start":{"line":80,"column":0},"end":{"line":80,"column":60}},"36":{"start":{"line":86,"column":0},"end":{"line":95,"column":1}},"37":{"start":{"line":87,"column":4},"end":{"line":87,"column":80}},"38":{"start":{"line":88,"column":4},"end":{"line":88,"column":68}},"39":{"start":{"line":89,"column":4},"end":{"line":89,"column":56}},"40":{"start":{"line":90,"column":4},"end":{"line":94,"column":7}},"41":{"start":{"line":91,"column":8},"end":{"line":91,"column":47}},"42":{"start":{"line":92,"column":8},"end":{"line":92,"column":27}},"43":{"start":{"line":93,"column":8},"end":{"line":93,"column":83}},"44":{"start":{"line":101,"column":0},"end":{"line":117,"column":1}},"45":{"start":{"line":102,"column":4},"end":{"line":102,"column":56}},"46":{"start":{"line":103,"column":4},"end":{"line":103,"column":33}},"47":{"start":{"line":105,"column":4},"end":{"line":110,"column":5}},"48":{"start":{"line":106,"column":8},"end":{"line":106,"column":56}},"49":{"start":{"line":107,"column":8},"end":{"line":107,"column":158}},"50":{"start":{"line":109,"column":8},"end":{"line":109,"column":117}},"51":{"start":{"line":112,"column":4},"end":{"line":112,"column":23}},"52":{"start":{"line":114,"column":4},"end":{"line":114,"column":49}},"53":{"start":{"line":116,"column":4},"end":{"line":116,"column":27}},"54":{"start":{"line":118,"column":0},"end":{"line":118,"column":48}},"55":{"start":{"line":127,"column":0},"end":{"line":142,"column":1}},"56":{"start":{"line":128,"column":4},"end":{"line":128,"column":56}},"57":{"start":{"line":129,"column":4},"end":{"line":129,"column":24}},"58":{"start":{"line":131,"column":4},"end":{"line":135,"column":5}},"59":{"start":{"line":132,"column":8},"end":{"line":132,"column":91}},"60":{"start":{"line":134,"column":8},"end":{"line":134,"column":101}},"61":{"start":{"line":137,"column":4},"end":{"line":137,"column":23}},"62":{"start":{"line":139,"column":4},"end":{"line":139,"column":49}},"63":{"start":{"line":141,"column":4},"end":{"line":141,"column":27}},"64":{"start":{"line":143,"column":0},"end":{"line":143,"column":62}}},"branchMap":{"1":{"line":26,"type":"if","locations":[{"start":{"line":26,"column":4},"end":{"line":26,"column":4}},{"start":{"line":26,"column":4},"end":{"line":26,"column":4}}]},"2":{"line":73,"type":"if","locations":[{"start":{"line":73,"column":4},"end":{"line":73,"column":4}},{"start":{"line":73,"column":4},"end":{"line":73,"column":4}}]}},"code":["/**"," * Copyright: E2E Technologies Ltd"," */","\"use strict\";","","var fs = require('fs');","var path = require('path');","var fileUtils = require('../utils/file.js');","var utils = require('../utils/utils.js');","var parser = require(\"./parser.js\");","var errors = require(\"./errors.js\");","","var bpmnDefinitionsCache = {};","exports.clearCache = function() {","    bpmnDefinitionsCache = {};","};","","/**"," * @param bpmnFilePath"," * @return {BPMNProcessDefinition}"," */","exports.getBPMNProcessDefinition = function(bpmnFilePath) {","    var processDefinition;","    var processDefinitions = getBPMNProcessDefinitions(bpmnFilePath);","","    if (processDefinitions.length === 1) {","        processDefinition = processDefinitions[0];","    } else {","        throw new Error(\"The BPMN file '\" + bpmnFilePath + \"'. contains more than one process definition. Use 'getBPMNProcessDefinitions' instead of 'getBPMNProcessDefinition'\");","    }","    return processDefinition;","};","","/**"," * @param bpmnFilePath"," * @return {Array.<BPMNProcessDefinition>}"," */","var getBPMNProcessDefinitions = exports.getBPMNProcessDefinitions = function(bpmnFilePath) {","    var bpmnDefinitions = getCachedBPMNDefinitions(bpmnFilePath);","    return getProcessDefinitions(bpmnDefinitions);","};","","/**"," * @param bpmnFilePath"," * @return {Array.<BPMNCollaborationDefinition>}"," */","exports.getBPMNCollaborationDefinitions = function(bpmnFilePath) {","    var bpmnDefinitions = getCachedBPMNDefinitions(bpmnFilePath);","    return getCollaborationDefinitions(bpmnDefinitions);","};","","function getCollaborationDefinitions(bpmnDefinitions) {","    return bpmnDefinitions.filter(function(definition) {","        return definition.isCollaborationDefinition;","    });","}","","function getProcessDefinitions(bpmnDefinitions) {","    return bpmnDefinitions.filter(function(definition) {","        return definition.isProcessDefinition;","    });","}","","/**"," * We don't read bpmn files asynchronously (like node is loading js-files also synchronously),"," * thus we have to cache the definitions."," * @param {String} bpmnFilePath"," * @return {Array.<BPMNProcessDefinition|BPMNCollaborationDefinition>}"," */","function getCachedBPMNDefinitions(bpmnFilePath) {","    var bpmnDefinitions = bpmnDefinitionsCache[bpmnFilePath];","","    if (!bpmnDefinitions) {","        bpmnDefinitions = getBPMNDefinitions(bpmnFilePath);","        bpmnDefinitionsCache[bpmnFilePath] = bpmnDefinitions;","    }","","    return bpmnDefinitions;","}","exports.getCachedBPMNDefinitions = getCachedBPMNDefinitions;","","/**"," *"," * @param bpmnDefinitions"," */","function setCollaborationDefinitions(bpmnDefinitions){","    var collaborationDefinitions = getCollaborationDefinitions(bpmnDefinitions);","    var processDefinitions = getProcessDefinitions(bpmnDefinitions);","    var errorQueue = errors.createBPMNParseErrorQueue();","    processDefinitions.forEach(function(processDefinition) {","        processDefinition.validate(errorQueue);","        errorQueue.check();","        processDefinition.attachCollaborationDefinitions(collaborationDefinitions);","    });","}","","/**"," * @param {String} bpmnFilePath"," * @return {Array.<BPMNProcessDefinition|BPMNCollaborationDefinition>}"," */","function getBPMNDefinitions(bpmnFilePath) {","    var errorQueue = errors.createBPMNParseErrorQueue();","    var bpmnDefinitions, bpmnXML;","","    try {","        bpmnXML = fs.readFileSync(bpmnFilePath, \"utf8\");","        bpmnDefinitions = parser.parse(bpmnXML, errorQueue, utils.toUpperCamelCase(fileUtils.removeFileExtension(path.basename(bpmnFilePath))), bpmnFilePath);","    } catch (e) {","        errorQueue.addError(\"DF1\", null, \"Could not parse the BPMN file '\" + bpmnFilePath + \"'. Error: '\" + e + \"'\");","    }","","    errorQueue.check();","","    setCollaborationDefinitions(bpmnDefinitions);","","    return bpmnDefinitions;","}","exports.getBPMNDefinitions = getBPMNDefinitions;","","","/**"," * @param {String} bpmnXML"," * @param {String=} mainProcessName"," * @param {String=} bpmnFilePath"," * @return {Array.<BPMNProcessDefinition|BPMNCollaborationDefinition>}"," */","function getBPMNDefinitionsFromXML(bpmnXML, mainProcessName, bpmnFilePath) {","    var errorQueue = errors.createBPMNParseErrorQueue();","    var bpmnDefinitions;","","    try {","        bpmnDefinitions = parser.parse(bpmnXML, errorQueue, mainProcessName, bpmnFilePath);","    } catch (e) {","        errorQueue.addError(\"DF1\", null, \"Could not parse the BPMN XML string'. Error: '\" + e + \"'\");","    }","","    errorQueue.check();","","    setCollaborationDefinitions(bpmnDefinitions);","","    return bpmnDefinitions;","}","exports.getBPMNDefinitionsFromXML = getBPMNDefinitionsFromXML;",""],"l":{"6":1,"7":1,"8":1,"9":1,"10":1,"11":1,"13":1,"14":1,"15":0,"22":1,"23":0,"24":0,"26":0,"27":0,"29":0,"31":0,"38":1,"39":0,"40":0,"47":1,"48":0,"49":0,"52":1,"53":0,"54":0,"58":1,"59":0,"60":0,"70":1,"71":0,"73":0,"74":0,"75":0,"78":0,"80":1,"86":1,"87":0,"88":0,"89":0,"90":0,"91":0,"92":0,"93":0,"101":1,"102":0,"103":0,"105":0,"106":0,"107":0,"109":0,"112":0,"114":0,"116":0,"118":1,"127":1,"128":0,"129":0,"131":0,"132":0,"134":0,"137":0,"139":0,"141":0,"143":1}},"/home/travis/build/npmtest/node-npmtest-bpmn/node_modules/bpmn/lib/utils/file.js":{"path":"/home/travis/build/npmtest/node-npmtest-bpmn/node_modules/bpmn/lib/utils/file.js","s":{"1":1,"2":1,"3":1,"4":1,"5":1,"6":0,"7":1,"8":0,"9":1,"10":0,"11":0,"12":0,"13":0,"14":0,"15":1,"16":0,"17":0,"18":0,"19":0,"20":0,"21":1,"22":0,"23":0,"24":0,"25":0,"26":0,"27":0,"28":0,"29":0,"30":0,"31":0,"32":1,"33":0,"34":1,"35":0,"36":0,"37":1,"38":0,"39":0,"40":1,"41":0,"42":1,"43":0,"44":0,"45":0,"46":1,"47":0,"48":1,"49":0},"b":{"1":[0,0],"2":[0,0],"3":[0,0],"4":[0,0],"5":[0,0],"6":[0,0]},"f":{"1":0,"2":0,"3":0,"4":0,"5":0,"6":0,"7":0,"8":0,"9":0,"
[...]
                If the messageId is received the first time, a message is being created and"," *                 sent to the process and the status code 201 (Created) is returned."," *                 For all subsequent request having the same URI the message is thrown away and"," *                 the status code 200 is returned."," *"," * @apiParam {String} processName Name of the process as used in the BPMN model"," * @apiParam {String} id Unique id of the process instance"," * @apiParam {String} messageName Message or event name as used in the BPMN model for messages respectively event elements"," * @apiParam {String} messageId This id is used to implement idempotency."," *"," */","var sendMessageRoute = '/:processName/:id/:messageName/:messageId';","","/**"," * Creates a REST server based on the restify framework. It takes two parameters, options and restifyOptions."," *      options: optional object having the following optional properties"," *          createProcessId: Function that returns a UUID. Default: node-uuid.v1()"," *          logLevel: used log level. Default: Error. Use logger.logLevels to set."," *      restifyOptions: these options are given to the restify.createServer call."," *                      If not given, the log property is set to the internal winston logger and"," *                      the name property is set to 'bpmnRESTServer'"," * @param {ProcessManager} manager"," * @param {{createProcessId: function, logLevel: logger.logLevels}=} options"," * @param {Object=} restifyOptions"," * @returns {*}"," */","exports.createServer = function(manager, options, restifyOptions) {","    var logger, serverOptions, server;","    var settings = options || {};","","    settings.createProcessId = settings.createProcessId || uuid.v1;","","    logger = new log.Logger(null, settings);","    serverOptions = restifyOptions || {};","    serverOptions.name = serverOptions.name || \"BPMNProcessServer\";","","    // Shimming the log doesn't work as expected: I cannot switch it off for example.","    // Additionally, the log format is horrible. So for the time being we use our own logging","    // serverOptions.log = serverOptions.log || bunyan2winston.createLogger(logger.winstonLogger);","","    server = restify.createServer(serverOptions);","","    server.use(restify.queryParser({ mapParams: false }));","    server.use(restify.bodyParser({ mapParams: false }));","    server.on('after', function( request, response, route, error) {","        var handler = options.onServerAfterEvent || onServerAfterEvent;","        handler(logger, request, response, route, error);","    });","","    server.get(getProcessRoute,","        transactionLog.transactionLoggerMiddleware({","                name: function(req){","                    return 'GET ' + req.params.processName + ' process';","                }","            }),","        function(req, res, next){","            getProcess(manager, req, res, next);","        });","    server.get(getProcessesRoute,","        transactionLog.transactionLoggerMiddleware({","            name: function(req){","                return 'GET ' + req.params.processName + ' processes';","            }","        }),","        function(req, res, next){","            getProcesses(manager, req, res, next);","        });","    server.put(sendMessageRoute,","        transactionLog.transactionLoggerMiddleware({","            name: function(req){","                return 'PUT ' + req.params.messageName + ' message to ' + req.params.processName + ' process';","            }","        }),","        function(req, res, next) {","            sendMessage(manager, logger, req, res, next);","        }","    );","","    // TODO: we need to change these routes.  the catch all '/' makes this load order dependent.","    server.post(createAndStartCollaboratingProcessRoute,","      transactionLog.transactionLoggerMiddleware({","        name: function(req) {","          return 'POST create and start collaborating processes';","        }","      }),","      function(req, res, next) {","        createAndStartCollaboratingProcess(manager, settings, logger, req, res, next);","      }","    );","","    server.post(createProcessRoute,","        transactionLog.transactionLoggerMiddleware({","            name: function(req){","                return 'POST create ' + req.params.processName + ' process';","            }","        }),","        function(req, res, next) {","            createProcess(manager, settings, logger, req, res, next);","}","    );","    server.post(createAndStartProcessRoute,","        transactionLog.transactionLoggerMiddleware({","            name: function(req){","                return 'POST create and start ' + req.params.processName + ' process';","            }","        }),","        function(req, res, next) {","            createAndStartProcess(manager, settings, logger, req, res, next);","        }","    );","","    return server;","};","","function createProcess(manager, settings, logger, req, res, next) {","    createAndStartProcess(manager, settings, logger, req, res, next, false);","}","","function createAndStartProcess(manager, options, logger, req, res, next, startProcess) {","    var processId, processNameWithoutCase, startEventName;","","    processId = options.createProcessId();","    processNameWithoutCase = querystring.unescape(req.params.processName);","","    getNameWithCase(manager, processNameWithoutCase, function(err, processName){","        if(err){","            return sendError(err, next);","        }","","        if(!processName){","            return next(new restify.InvalidArgumentError(\"Could not find process name '\" + processNameWithoutCase + \"'.\"));","        }","","        manager.createProcess({id: processId, name: processName}, function(err, bpmnProcess){","            if(err){","                return sendError(err, next);","            }","","            logger.setProcess(bpmnProcess);","","            if (startProcess === undefined || startProcess) {","                startEventName = querystring.unescape(req.params.startEventName);","","                try{","                    triggerEvent(bpmnProcess, logger, startEventName, req.body, true);","                } catch (e) {","                    return sendError(e, next);","                }","            }","","            res.send(201, getProcessResponse(bpmnProcess));","        });","    });","","}","","function createAndStartCollaboratingProcess(manager, options, logger, req, res, next) {","  var processId, startEventName, processDescriptors, mainProcessDescriptor, bpmnMainProcess, numDescriptors;","","  processId = options.createProcessId();","  processDescriptors = req.body.processDescriptors;","  numDescriptors = processDescriptors.length;","  processDescriptors.forEach(function(processDescriptor,i) {","","    var processNameWithoutCase = processDescriptor.name;","    getNameWithCase(manager, processNameWithoutCase, function(err, processName) {","      if (err) {","        return sendError(err, next);","      }","","      if (!processName) {","        return next(new restify.InvalidArgumentError(\"Could not find process name '\" + processNameWithoutCase + \"'.\"));","      }","","    });","    if (processDescriptor.startEventName) {","      mainProcessDescriptor = processDescriptor;","    }","","    //last loop","    if (i == numDescriptors - 1){","      manager.createProcess(","        processDescriptors,","        function(err, bpmnProcesses) {","          if (err) {","            return sendError(err, next);","          }","","          bpmnProcesses.forEach(function(bpmnProcess) {","            logger.setProcess(bpmnProcess);","            if (mainProcessDescriptor.id === bpmnProcess.getProcessId()) {","              startEventName = mainProcessDescriptor.startEventName;","","              try {","                triggerEvent(bpmnProcess, logger, startEventName, req.body, true);","                bpmnMainProcess = bpmnProcess;","              } catch (e) {","                return sendError(e, next);","              }","            }","","          });","","          res.send(201, getProcessResponse(bpmnMainProcess));","        });","    }","","  });","","}","","","","function getProcess(manager, req, res, next) {","    var processId = getParameter(req, \"id\");","","    manager.get(processId, function(err, bpmnProcess){","        if(err){","            return sendError(err, next);","        }","","        res.send(getProcessResponse(bpmnProcess));","    });","}","","// TODO: paging?","function getProcesses(manager, req, res, next) {","    var stateName, processName, response;","","    processName = querystring.unescape(req.params.processName);","","    manager.findByName(processName, false, function(err, bpmnProcesses){","        if(err){","            return sendError(err, next);","        }","","        if (req.query) {","            bpmnProcesses = find.findByProperty(bpmnProcesses, getPropertyQuery(req.query));","","            stateName = req.query[reservedQueryNames.state];","            if (stateName) {","                bpmnProcesses = find.findByState(bpmnProcesses, stateName);","            }","        }","","        response = bpmnProcesses.map(function(bpmnProcess) {","            return getProcessResponse(bpmnProcess);","        });","","        res.send(response);","    });","}","","function sendMessage(manager, logger, req, res, next) {","","    var processId = getParameter(req, \"id\");","    var processName = getParameter(req, \"processName\");","    var messageId = getParameter(req, \"messageId\");","    var messageName = getParameter(req, \"messageName\");","","    manager.get(processId, function(err, bpmnProcess){","        if(err){","            return sendError(err, next);","        }","","        var idempotenceId = processName + '.' + processId + '.' + messageName + '.' + messageId;","","        logger.setProcess(bpmnProcess);","","        if (hasBeenAlreadyReceived(idempotenceId)) {","            return res.send(200, getProcessResponse(bpmnProcess));","        }","","        try {","            triggerEvent(bpmnProcess, logger, messageName, req.body);","            // 201: Resource (=message) created","            res.send(201, getProcessResponse(bpmnProcess));","        } catch (e) {","            sendError(e, next);","        }","","    });","","}","","function getParameter(req, parameterName) {","    return (querystring.unescape(req.params[parameterName]));","}","","/**"," * @param {BPMNProcess} bpmnProcess"," * @returns {{state: *}}"," */","function getProcessResponse(bpmnProcess) {","    var response = {}, processId, processName, escape;","","    if (bpmnProcess) {","","        processId = bpmnProcess.getProcessId();","        processName = bpmnProcess.getProcessDefinition().name;","        escape = querystring.escape;","","        response = {","            id: processId,","            name: processName,","            link: {","                \"rel\": \"self\",","                \"href\": \"/\" + escape(processName) + \"/\" + escape(processId)","            },","            state: bpmnProcess.getState().tokens,","            history: bpmnProcess.getHistory().historyEntries,","            properties: bpmnProcess.getProperties()","        };","","    }","","    return response;","}","","function getPropertyQuery(query) {","    var propertyQuery = {};","    var queryNames = Object.keys(query);","","    queryNames.forEach(function(queryName) {","        if (!reservedQueryNames[queryName]) {","            propertyQuery[queryName] = query[queryName];","        }","    });","","    return propertyQuery;","}","","function hasBeenAlreadyReceived(idempotenceId) {","    var result = false;","","    if (idempotenceId) {","        if (receivedMessageIds[idempotenceId]) {","            result = true;","        } else {","            receivedMessageIds[idempotenceId] = true;","        }","    }","","    return result;","}","","function triggerEvent(bpmnProcess, logger, eventName, data) {","    var message = data || {};","    logger.trace(\"Triggering event '\" + eventName + \"'\" + JSON.stringify(message));","    bpmnProcess.triggerEvent(eventName, data);","}","","function sendError(error, next) {","    var restError;","","    if (error.bpmnParseErrors) {","        restError = new restify.RestError({","            restCode: \"BPMNParseError\",","            body: error","        });","    } else {","        restError = new restify.RestError({","            restCode: \"BPMNExecutionError\",","            message: error.toString()","        });","    }","","    return next(restError);","}","","","function onServerAfterEvent(logger, request, response, route, error) {","    var requestInfo = {","        method: request.method,","        headers: request.headers,","        body: request.body","    };","    var responseInfo = {","        method: response.method,","        headers: response.headers,","        body: response.body","    };","","    logger.debug(\"route: \" + JSON.stringify(route));","    logger.debug(\"request: \" + JSON.stringify(requestInfo));","    logger.debug(\"response: \" + JSON.stringify(responseInfo));","","    if (error) {","        logger.debug(\"error: \" + JSON.stringify(error));","","    }"," }","","/**"," *"," * @param {ProcessManager} manager"," * @param {String} name"," * @param {Function} callback"," * @returns {*}"," */","function getNameWithCase(manager, name, callback){","","    manager.getDefinitionNames(function(err, names){","        if(err){","            return callback(err);","        }","","        var ret = null;","","        names.forEach(function(nameWithCase){","            if(name.toLowerCase() === nameWithCase.toLowerCase()){","                ret = nameWithCase;","            }","        });","","        callback(null, ret);","    });","","}",""],"l":{"6":1,"7":1,"8":1,"9":1,"10":1,"14":1,"15":1,"16":1,"18":0,"21":1,"23":1,"24":0,"27":1,"47":1,"61":1,"73":1,"85":1,"97":1,"117":1,"132":1,"133":0,"134":0,"136":0,"138":0,"139":0,"140":0,"146":0,"148":0,"149":0,"150":0,"151":0,"152":0,"155":0,"158":0,"162":0,"164":0,"167":0,"171":0,"173":0,"176":0,"180":0,"185":0,"188":0,"192":0,"196":0,"199":0,"203":0,"206":0,"209":0,"213":0,"217":0,"220":1,"221":0,"224":1,"225":0,"227":0,"228":0,"230":0,"231":0,"232":0,"235":0,"236":0,"239":0,"240":0,"241":0,"244":0,"246":0,"247":0,"249":0,"250":0,"252":0,"256":0,"262":1,"263":0,"265":0,"266":0,"267":0,"268":0,"270":0,"271":0,"272":0,"273":0,"276":0,"277":0,"281":0,"282":0,"286":0,"287":0,"290":0,"291":0,"294":0,"295":0,"296":0,"297":0,"299":0,"300":0,"301":0,"303":0,"309":0,"319":1,"320":0,"322":0,"323":0,"324":0,"327":0,"332":1,"333":0,"335":0,"337":0,"338":0,"339":0,"342":0,"343":0,"345":0,"346":0,"347":0,"351":0,"352":0,"355":0,"359":1,"361":0,"362":0,"363":0,"364":0,"366":0,"367":0,"368":0,"371":0,"373":0,"375":0,"376":0,"379":0,"380":0,"382":0,"384":0,"391":1,"392":0,"399":1,"400":0,"402":0,"404":0,"405":0,"406":0,"408":0,"422":0,"425":1,"426":0,"427":0,"429":0,"430":0,"431":0,"435":0,"438":1,"439":0,"441":0,"442":0,"443":0,"445":0,"449":0,"452":1,"453":0,"454":0,"455":0,"458":1,"459":0,"461":0,"462":0,"467":0,"473":0,"477":1,"478":0,"483":0,"489":0,"490":0,"491":0,"493":0,"494":0,"506":1,"508":0,"509":0,"510":0,"513":0,"515":0,"516":0,"517":0,"521":0}},"/home/travis/build/npmtest/node-npmtest-bpmn/node_modules/bpmn/lib/utils/bunyan2winston.js":{"path":"/home/travis/build/npmtest/node-npmtest-bpmn/node_modules/bpmn/lib/utils/bunyan2winston.js","s":{"1":1,"2":1,"3":0,"4":1,"5":0,"6":1,"7":0,"8":0,"9":0,"10":0,"11":0,"12":0,"13":0,"14":0,"15":0,"16":0,"17":0,"18":0},"b":{"1":[0,0],"2":[0,0]},"f":{"1":0,"2":0,"3":0},"fnMap":{"1":{"name":"(anonymous_1)","line":10,"loc":{"start":{"line":10,"column":23},"end":{"line":10,"column":37}}},"2":{"name":"Bunyan2Winston","line":28,"loc":{"start":{"line":28,"column":0},"end":{"line":28,"column":30}}},"3":{"name":"write","line":31,"loc":{"start":{"line":31,"column":33},"end":{"line":31,"column":53}}}},"statementMap":{"1":{"start":{"line":6,"column":0},"end":{"line":6,"column":31}},"2":{"start":{"line":10,"column":0},"end":{"line":19,"column":2}},"3":{"start":{"line":11,"column":4},"end":{"line":18,"column":7}},"4":{"start":{"line":28,"column":0},"end":{"line":30,"column":1}},"5":{"start":{"line":29,"column":4},"end":{"line":29,"column":21}},"6":{"start":{"line":31,"column":0},"end":{"line":67,"column":2}},"7":{"start":{"line":34,"column":4},"end":{"line":34,"column":15}},"8":{"start":{"line":35,"column":4},"end":{"line":41,"column":5}},"9":{"start":{"line":36,"column":8},"end":{"line":36,"column":24}},"10":{"start":{"line":37,"column":11},"end":{"line":41,"column":5}},"11":{"start":{"line":38,"column":8},"end":{"line":38,"column":24}},"12":{"start":{"line":40,"column":8},"end":{"line":40,"column":25}},"13":{"start":{"line":45,"column":4},"end":{"line":45,"column":22}},"14":{"start":{"line":46,"column":4},"end":{"line":46,"column":19}},"15":{"start":{"line":50,"column":4},"end":{"line":50,"column":17}},"16":{"start":{"line":51,"column":4},"end":{"line":51,"column":21}},"17":{"start":{"line":59,"column":4},"end":{"line":59,"column":32}},"18":{"start":{"line":66,"column":4},"end":{"line":66,"column":36}}},"branchMap":{"1":{"line":35,"type":"if","locations":[{"start":{"line":35,"column":4},"end":{"line":35,"column":4}},{"start":{"line":35,"column":4},"end":{"line":35,"column":4}}]},"2":{"line":37,"type":"if","locations":[{"start":{"line":37,"column":11},"end":{"line":37,"column":11}},{"start":{"line":37,"column":11},"end":{"line":37,"column":11}}]}},"code":["/**"," * Taken from https://github.com/trentm/node-bunyan-winston/blob/master/restify-winston.js"," */","\"use strict\";","","var bunyan = require('bunyan');","","","// Pass a Bunyan logger to restify that shims to our winston Logger.","exports.createLogger = function(log) {","    return bunyan.createLogger({","        name: 'bpmnRESTServer',","        streams: [{","            type: 'raw',","            level: 'trace',","            stream: new Bunyan2Winston(log)","        }]","    });","};","","/**"," *"," * A Bunyan raw stream object (i.e. has a `.write(rec)` method that takes a"," * Bunyan log record) that shims logging to a given Winston logger."," *"," * @param {winston.Logger} wlog is a Winston Logger to which to shim."," */","function Bunyan2Winston(wlog) {","    this.wlog = wlog;","}","Bunyan2Winston.prototype.write = function write(rec) {","    // Map to the appropriate Winston log level (by default 'info', 'warn'","    // or 'error') and call signature: `wlog.log(level, msg, metadata)`.","    var wlevel;","    if (rec.level <= bunyan.INFO) {","        wlevel = 'info';","    } else if (rec.level <= bunyan.WARN) {","        wlevel = 'warn';","    } else {","        wlevel = 'error';","    }","","    // Note: We are *modifying* the log record here. This could be a problem","    // if our Bunyan logger had other streams. This one doesn't.","    var msg = rec.msg;","    delete rec.msg;","","    // Remove internal bunyan fields that won't mean anything outside of","    // a bunyan context.","    delete rec.v;","    delete rec.level;","    // TODO: more?","","    // Note: Winston doesn't handle *objects* in the 'metadata' field well","    // (e.g. the Bunyan record 'time' field is a Date instance, 'req' and","    // 'res' are typically objects). With 'json: true' on a Winston transport","    // it is a bit better, but still messes up 'date'. What exactly to do","    // here is perhaps user-preference.","    rec.time = String(rec.time);","    //Object.keys(rec).forEach(function (key) {","    //    if (typeof(rec[key]) === \"object\") {","    //        rec[key] = JSON.stringify(rec[key])","    //    }","    //});","","    this.wlog.log(wlevel, msg, rec);","};","","","",""],"l":{"6":1,"10":1,"11":0,"28":1,"29":0,"31":1,"34":0,"35":0,"36":0,"37":0,"38":0,"40":0,"45":0,"46":0,"50":0,"51":0,"59":0,"66":0}}}